0.0
0.0
0.0
0.0
0.4
0.3
0.3
0.1
0.0
0.5
0.0
0.9
0.8
0.4
0.10
0.4
0.0
0.16
0.17
0.16
0.19
0.17
0.8
0.21
0.4
0.20
0.18
0.24
0.17
0.16
0.8
0.6
0.29
0.5
0.16
0.2
0.18
0.12
0.20
?.?
0.17
0.18
0.30
0.4
0.21
0.4
0.8
0.9
0.33
0.7
0.31
0.9
?.?
?.?
0.13
0.3
0.22
0.31
0.4
0.29
0.21
0.16
0.26
0.43
?.?
0.22
?.?
0.33
0.20
0.39
?.?
0.50
0.16
0.32
0.24
?.?
0.17
0.27
?.?
0.38
0.23
0.10
0.13
?.?
0.7
0.2
0.37
0.31
0.53
0.54
0.1
?.?
0.5
?.?
0.32
0.39
0.14
0.32
0.31
0.46
?.?
0.36
?.?
0.28
0.54
0.62
0.12
0.44
0.20
0.44
0.26
0.6
0.32
0.41
?.?
0.65
0.39
0.23
0.68
0.20
0.10
0.50
0.31
0.11
?.?
0.45
0.64
0.65
?.?
0.61
0.67
0.61
0.30
0.21
0.34
0.47
0.0
0.24
?.?
0.16
0.56
0.20
?.?
0.43
0.25
?.?
0.55
?.?
0.74
0.45
0.32
0.53
0.67
0.84
0.24
0.26
0.26
0.23
0.77
0.58
0.67
0.76
0.48
?.?
0.62
0.38
?.?
0.66
0.64
0.39
0.60
0.36
0.62
0.14
0.18
0.9
0.3
0.39
0.33
0.30
0.92
0.40
0.83
0.64
0.87
0.64
0.52
?.?
0.82
0.32
0.56
0.52
0.15
0.54
0.33
0.79
0.28
0.66
0.10
0.26
0.79
0.12
0.7
0.16
0.39
0.70
0.98
0.70
?.?
?.?
?.?
0.33
0.56
?.?
0.37
0.34
0.1
0.50
0.69
?.?
0.99
0.97
0.22
0.74
0.35
0.39
0.80
0.23
0.54
0.69
0.16
0.107
0.47
0.92
0.90
?.?
0.16
0.42
0.39
0.73
0.63
0.25
0.118
0.107
0.35
0.85
0.40
0.52
0.114
0.94
0.91
0.107
0.31
0.9
0.66
0.35
0.105
0.1
?.?
0.7
0.27
?.?
?.?
0.43
0.29
0.52
0.111
?.?
0.73
?.?
0.92
?.?
0.9
?.?
0.53
0.11
0.6
0.15
0.89
?.?
0.127
0.17
0.121
0.29
0.134
0.57
0.94
?.?
0.59
?.?
0.130
0.55
0.33
0.45
0.33
?.?
0.140
0.4
0.0
0.6
0.122
0.125
?.?
0.92
0.88
0.8
0.114
0.28
0.100
0.25
0.136
?.?
?.?
?.?
0.130
0.141
?.?
0.21
0.128
0.152
0.126
?.?
0.14
0.54
0.104
?.?
0.149
0.27
0.111
0.48
?.?
0.144
0.38
0.83
?.?
0.74
?.?
0.69
0.12
?.?
0.0
?.?
?.?
0.42
0.157
0.150
0.133
0.26
0.70
0.39
0.56
?.?
0.36
0.161
0.63
?.?
0.97
0.80
0.81
0.155
0.160
0.93
?.?
0.109
0.158
?.?
0.162
?.?
0.140
0.75
0.88
0.163
?.?
0.90
?.?
0.117
0.116
0.71
?.?
?.?
0.150
0.95
0.14
0.66
0.117
0.152
0.129
?.?
0.64
0.130
0.158
?.?
0.77
?.?
0.84
0.66
0.79
0.60
0.101
0.153
0.92
0.162
0.34
0.82
0.175
?.?
0.149
0.41
0.39
0.85
?.?
0.59
0.108
0.146
0.53
0.104
?.?
0.39
0.56
?.?
?.?
0.9
0.110
0.149
0.86
0.75
0.191
0.3
0.166
0.82
?.?
?.?
0.172
0.47
0.71
?.?
0.85
?.?
0.177
0.177
0.77
0.25
0.99
0.63
0.70
0.142
?.?
0.78
0.90
0.182
0.15
0.110
0.45
0.117
0.144
0.74
0.69
0.81
0.185
0.72
0.28
0.71
0.37
0.165
0.107
0.178
0.190
0.30
0.118
0.72
0.47
?.?
0.161
?.?
0.107
?.?
?.?
?.?
?.?
0.150
0.207
0.61
?.?
?.?
0.48
0.187
0.68
0.196
?.?
?.?
0.146
0.181
?.?
0.70
0.57
0.85
?.?
0.53
0.84
0.31
0.81
0.24
0.55
0.47
0.206
0.50
0.189
0.189
?.?
0.109
?.?
0.149
0.155
0.139
?.?
0.40
0.87
0.115
0.130
0.61
0.182
?.?
0.102
?.?
0.185
0.1
?.?
0.41
0.106
0.29
0.221
0.228
0.231
0.103
0.19
0.110
0.225
0.200
0.121
0.34
0.152
0.32
?.?
?.?
0.44
0.150
0.28
0.172
0.138
?.?
0.217
0.85
?.?
0.93
0.1
0.128
0.8
0.68
0.52
0.182
0.54
0.50
0.197
0.182
0.98
0.200
0.1
?.?
0.104
0.204
?.?
0.154
0.83
0.230
0.245
0.220
0.85
0.171
0.182
0.218
0.188
0.133
0.195
0.89
?.?
0.248
0.215
0.20
0.116
0.184
0.113
0.237
0.244
0.99
0.39
?.?
0.113
0.133
0.227
0.49
0.135
0.162
0.174
0.49
0.87
?.?
0.185
0.201
0.186
0.184
0.35
0.70
0.176
0.217
0.132
0.134
0.207
0.129
0.70
?.?
0.181
0.39
0.66
0.108
0.210
0.26
0.145
0.184
0.105
0.99
0.170
0.85
0.89
0.83
0.185
0.87
?.?
0.7
0.152
0.157
?.?
?.?
0.18
0.34
0.113
?.?
0.270
?.?
0.107
0.98
0.25
0.263
0.78
?.?
0.265
0.69
0.99
0.63
0.30
0.190
0.248
0.220
0.234
0.23
0.294
0.240
0.110
0.11
0.63
0.99
0.242
0.296
0.302
0.139
0.117
0.286
0.48
?.?
0.232
0.87
0.214
0.229
0.122
0.55
?.?
?.?
0.175
?.?
0.236
0.280
0.224
0.263
0.81
0.66
?.?
0.290
0.228
?.?
0.17
0.243
0.8
?.?
0.160
0.107
0.21
0.210
0.66
0.12
0.305
?.?
0.119
0.137
0.103
0.264
0.170
0.30
?.?
0.55
0.84
0.276
?.?
0.22
0.251
0.212
0.88
0.281
0.312
0.174
?.?
0.202
?.?
?.?
?.?
?.?
0.167
0.127
0.310
0.90
?.?
0.225
0.113
0.56
?.?
?.?
0.239
0.116
0.65
0.196
0.236
0.19
0.75
0.109
0.165
?.?
0.306
0.30
0.21
0.137
0.324
0.172
?.?
?.?
0.88
0.326
0.258
0.135
?.?
0.130
0.234
0.97
0.38
?.?
0.245
?.?
0.160
0.223
0.149
0.321
0.79
0.133
0.290
?.?
0.166
0.118
0.297
0.36
0.62
0.32
0.235
0.277
0.102
0.347
0.164
0.191
0.228
?.?
0.10
0.82
0.349
0.165
0.274
0.198
0.12
0.26
0.231
0.151
0.348
0.322
0.200
0.115
0.160
0.347
0.356
0.278
0.277
0.99
0.354
?.?
?.?
0.357
0.77
0.246
?.?
0.30
0.147
0.195
0.207
?.?
?.?
0.25
0.300
?.?
0.41
?.?
0.215
0.53
0.128
0.331
0.360
0.244
0.363
0.227
0.149
?.?
0.148
?.?
0.137
0.26
0.176
0.101
0.124
0.148
0.208
0.76
0.208
0.105
0.262
0.290
?.?
0.198
?.?
0.59
?.?
?.?
0.371
0.152
?.?
0.337
0.1
0.191
0.221
0.290
0.96
?.?
0.125
0.183
0.13
0.315
0.283
0.9
0.318
0.163
0.248
0.1
0.360
0.59
?.?
?.?
0.161
0.302
0.349
0.351
?.?
0.388
0.97
0.92
0.153
0.152
?.?
0.63
0.69
0.227
0.162
0.279
0.280
0.308
0.336
0.133
0.181
0.344
0.147
0.131
?.?
0.347
0.131
0.148
0.70
0.224
?.?
0.217
0.283
0.207
0.128
0.162
0.342
?.?
0.17
0.272
?.?
0.364
0.395
0.6
0.407
0.1
0.381
0.334
0.199
?.?
0.396
0.223
?.?
0.346
?.?
?.?
0.416
0.110
0.83
?.?
0.19
0.51
0.225
?.?
0.25
0.242
0.212
?.?
0.125
0.185
0.14
0.131
0.90
0.18
0.216
0.140
0.127
0.175
0.363
0.421
0.317
0.7
0.277
0.417
0.263
0.319
0.105
?.?
?.?
0.280
0.402
0.313
0.298
0.344
0.74
0.93
?.?
0.346
?.?
0.87
?.?
0.191
0.423
0.386
0.1
0.20
0.287
?.?
?.?
0.55
0.18
?.?
0.219
0.157
0.189
0.310
0.207
0.234
0.192
?.?
0.257
0.162
?.?
0.385
0.93
?.?
0.404
0.289
0.320
0.237
0.299
0.221
0.340
0.160
0.3
0.420
0.436
0.353
0.357
0.374
0.147
0.248
