0.0
0.0
0.0
0.1
0.2
0.1
0.5
0.6
0.6
0.4
0.0
0.6
0.4
0.10
0.0
0.12
0.1
0.0
0.3
0.7
0.17
0.20
0.17
0.15
0.3
0.21
0.13
0.13
0.0
0.2
0.28
?.?
0.5
0.8
?.?
?.?
0.0
0.30
?.?
?.?
?.?
?.?
0.32
0.12
0.7
?.?
0.17
0.16
0.23
0.35
0.14
0.16
?.?
0.27
?.?
0.38
0.14
0.0
0.7
0.20
?.?
0.34
0.24
0.34
0.40
0.41
0.10
0.14
?.?
0.32
?.?
0.29
0.38
0.11
0.27
?.?
0.12
0.30
0.45
0.26
?.?
0.28
0.26
0.37
0.15
0.41
0.26
?.?
0.7
0.29
0.39
0.41
?.?
0.42
0.24
0.5
0.33
0.10
?.?
0.26
0.10
0.28
0.16
0.20
0.44
0.13
0.20
0.26
0.45
0.31
0.16
0.13
?.?
?.?
?.?
0.38
0.21
0.5
?.?
?.?
?.?
0.35
?.?
?.?
?.?
0.20
0.24
0.12
0.5
0.36
0.8
0.8
0.32
0.4
0.41
0.59
0.43
0.60
?.?
0.38
0.17
0.3
0.8
0.32
0.51
?.?
0.9
?.?
0.1
0.54
?.?
0.37
0.10
0.52
0.16
0.39
0.1
0.48
0.2
0.50
0.65
?.?
?.?
?.?
0.0
0.40
0.44
0.0
0.20
0.61
?.?
0.8
0.61
0.57
0.12
0.58
?.?
0.40
?.?
?.?
0.65
0.9
0.61
?.?
0.72
0.73
0.3
?.?
?.?
0.10
0.47
0.61
0.60
0.48
?.?
0.71
0.35
0.69
0.57
0.49
0.3
0.72
0.27
?.?
0.63
0.55
0.43
0.41
0.2
0.65
0.46
0.71
0.56
0.71
?.?
0.5
0.47
0.4
?.?
0.48
0.65
0.37
0.37
0.35
0.79
0.1
0.2
0.69
0.36
0.19
?.?
0.18
0.38
0.46
?.?
0.50
0.22
0.22
0.86
0.44
0.82
0.72
0.38
0.66
?.?
0.61
?.?
0.58
0.55
0.34
0.58
0.2
0.67
0.61
0.45
?.?
0.74
0.88
0.88
0.76
0.6
0.77
0.72
0.16
0.72
0.25
0.74
?.?
0.82
0.45
0.91
0.72
0.58
0.63
0.84
0.2
?.?
?.?
?.?
?.?
0.85
0.42
0.69
?.?
0.66
0.17
0.90
0.94
0.66
0.50
0.66
0.37
0.82
0.19
0.94
?.?
0.96
0.31
0.8
?.?
0.88
0.95
?.?
?.?
0.79
0.82
?.?
0.13
0.63
0.71
0.50
0.71
0.55
0.81
?.?
?.?
0.72
0.86
0.88
0.71
0.57
?.?
0.57
0.71
0.92
0.106
0.98
0.66
0.32
0.42
0.37
0.39
0.4
0.37
0.86
0.8
0.26
0.87
0.17
0.4
0.55
0.16
0.80
0.51
0.75
0.19
0.9
?.?
?.?
0.38
?.?
?.?
0.94
0.38
0.50
0.102
0.36
0.66
0.23
0.100
0.69
0.106
0.12
0.113
0.37
?.?
0.17
0.33
0.57
0.21
?.?
0.46
0.120
0.77
0.59
?.?
0.12
0.107
?.?
0.43
0.78
0.108
0.97
0.17
0.43
0.76
0.102
0.6
0.21
?.?
0.27
0.36
0.43
?.?
0.119
0.23
0.62
0.80
0.104
0.104
0.69
0.106
0.91
0.68
0.20
?.?
0.68
0.19
?.?
0.23
?.?
0.129
0.49
?.?
?.?
0.85
0.96
0.86
?.?
0.20
0.96
?.?
0.85
?.?
0.124
0.49
0.41
0.33
0.128
0.99
0.37
0.11
0.68
0.134
0.49
0.11
0.120
0.38
0.1
0.23
0.95
?.?
0.26
0.41
?.?
0.99
0.113
0.136
0.133
0.142
0.28
0.51
0.54
0.80
0.19
0.13
0.12
0.70
0.77
0.39
0.10
0.23
0.27
0.109
?.?
0.105
0.156
0.143
?.?
0.81
0.14
0.29
0.101
0.25
?.?
?.?
0.140
0.57
0.46
0.152
0.11
?.?
0.26
0.107
0.64
0.113
0.85
0.52
0.142
0.113
0.6
0.131
0.131
0.115
0.105
0.59
0.55
0.61
?.?
0.107
0.147
0.31
0.19
0.56
0.112
0.135
0.14
0.12
0.1
0.118
0.84
0.146
0.8
?.?
0.160
0.54
0.142
0.118
0.129
0.166
0.129
0.99
0.131
?.?
?.?
0.13
0.121
0.133
0.30
0.137
0.158
0.8
0.149
0.101
?.?
0.123
0.113
0.78
0.66
0.95
0.94
0.142
0.78
?.?
?.?
0.31
0.114
?.?
0.171
0.95
0.146
0.55
0.8
0.82
0.120
0.66
0.164
0.17
0.1
0.169
0.142
0.162
0.143
0.64
0.171
0.118
?.?
0.12
?.?
?.?
0.139
0.70
0.144
0.128
0.157
0.179
0.140
0.87
0.171
0.12
0.163
0.64
0.139
0.148
0.6
0.174
0.189
0.55
0.163
?.?
?.?
0.70
0.76
0.113
?.?
0.162
0.75
0.144
0.55
0.6
0.36
0.68
0.32
0.18
?.?
0.114
0.122
0.133
0.163
0.69
0.149
0.101
?.?
0.188
0.102
0.167
?.?
0.141
?.?
0.185
?.?
0.16
0.71
0.33
0.156
?.?
0.34
0.186
0.42
?.?
?.?
0.74
?.?
?.?
0.46
0.81
0.40
0.197
0.17
0.193
0.172
0.144
0.151
0.193
0.60
0.37
0.31
0.174
?.?
0.134
0.72
0.79
0.192
?.?
?.?
0.106
?.?
0.71
0.39
0.84
0.196
0.118
?.?
0.130
0.189
0.79
0.207
?.?
?.?
0.154
?.?
0.107
?.?
0.63
0.19
?.?
?.?
0.193
0.62
0.176
0.77
?.?
0.142
0.58
0.93
0.73
0.192
?.?
?.?
0.157
0.79
0.42
0.43
0.136
0.88
?.?
0.145
?.?
0.73
0.66
0.117
0.65
0.43
0.173
0.32
0.9
?.?
0.173
0.89
0.31
0.24
0.22
0.68
?.?
0.16
0.195
0.216
0.164
0.128
0.213
?.?
0.193
0.25
?.?
0.155
0.149
0.9
0.72
?.?
0.129
0.129
0.217
0.143
0.16
?.?
0.18
0.43
0.38
0.120
?.?
0.17
0.138
0.180
0.156
0.105
0.93
0.98
0.126
0.122
0.202
0.129
0.164
?.?
0.26
0.151
?.?
0.52
0.73
0.88
0.18
0.138
?.?
0.240
0.0
0.66
0.110
?.?
0.140
0.156
0.76
0.233
?.?
0.148
0.130
0.37
0.87
0.159
0.86
0.66
0.186
0.49
0.129
?.?
?.?
0.45
0.249
0.95
0.240
0.4
0.59
?.?
0.68
0.256
0.96
0.235
0.182
0.204
0.155
0.162
0.96
?.?
0.172
0.97
?.?
0.41
0.147
?.?
0.60
0.134
0.109
0.63
0.96
0.36
0.225
0.248
0.240
0.140
?.?
0.266
?.?
0.136
0.36
?.?
0.160
?.?
0.250
0.22
0.137
0.169
0.67
?.?
0.153
0.203
0.73
0.207
0.238
0.268
?.?
0.95
0.118
0.183
0.234
0.236
0.89
?.?
?.?
0.67
0.156
?.?
0.192
0.108
0.102
?.?
0.269
0.284
0.259
?.?
0.113
0.269
0.32
0.252
0.18
0.27
?.?
0.260
0.83
0.121
0.160
0.48
?.?
0.142
?.?
0.263
0.143
0.279
0.4
0.267
?.?
0.62
?.?
?.?
0.268
0.28
0.276
0.281
0.48
0.147
0.275
0.97
0.4
0.114
0.109
0.267
0.106
0.28
0.73
0.99
0.261
?.?
0.137
0.243
0.73
?.?
0.276
0.274
?.?
0.118
?.?
0.224
0.66
0.179
?.?
0.280
0.264
0.296
0.133
0.241
0.195
0.9
0.272
0.237
0.285
0.225
0.100
?.?
0.224
0.39
?.?
0.131
?.?
0.86
0.188
0.76
?.?
0.46
0.35
0.311
0.123
0.252
0.92
0.3
0.253
0.164
0.157
0.149
0.30
0.194
0.173
0.307
0.106
0.293
0.234
0.316
0.134
0.238
?.?
0.118
0.209
0.189
0.210
0.51
?.?
0.61
0.119
0.142
0.126
?.?
0.182
0.68
0.184
?.?
0.253
0.36
?.?
0.177
0.110
0.12
0.3
0.91
0.230
0.143
0.162
?.?
0.10
?.?
0.122
?.?
0.212
0.251
0.25
0.317
?.?
0.95
0.42
0.238
0.3
0.292
0.218
0.136
0.214
0.316
0.123
?.?
0.206
?.?
?.?
0.147
0.222
0.126
0.283
?.?
0.199
0.124
0.128
?.?
?.?
0.320
0.320
0.70
0.107
0.202
0.179
0.215
0.264
?.?
0.95
?.?
0.56
0.9
0.197
