0.0
0.1
0.0
0.0
0.3
0.4
0.5
0.1
0.5
0.2
0.4
0.1
0.3
2.5
2.0
2.2
2.6
1.0
0.6
1.1
1.2
2.6
0.3
1.1
2.4
1.5
1.0
1.0
1.3
0.6
0.2
1.4
?.?
1.5
1.8
3.4
3.1
5.3
5.4
1.1
0.0
5.5
?.?
3.8
6.2
?.?
2.1
3.6
3.9
4.4
3.2
2.7
0.2
4.5
5.5
1.7
4.2
4.0
6.4
5.2
0.2
3.2
6.3
?.?
0.3
4.0
3.7
2.6
?.?
1.6
3.8
?.?
1.6
?.?
3.8
5.1
5.0
?.?
3.9
5.2
4.6
?.?
2.4
?.?
0.1
5.0
?.?
4.0
2.8
5.1
4.2
1.9
0.1
4.5
3.2
1.9
6.1
1.6
2.10
0.5
4.1
?.?
0.1
4.8
4.1
5.9
?.?
5.5
0.2
1.10
6.4
?.?
?.?
5.0
0.2
?.?
6.7
6.0
6.3
5.1
2.1
0.1
0.3
14.1
11.3
11.3
?.?
8.5
13.2
1.3
8.7
8.4
6.1
6.0
5.1
11.2
8.5
10.0
10.0
14.2
?.?
6.2
8.0
5.2
?.?
?.?
1.6
13.4
8.9
14.5
10.0
7.6
?.?
?.?
?.?
8.6
6.5
?.?
6.6
8.6
7.1
6.0
9.3
?.?
0.2
8.4
1.6
8.0
1.0
3.1
9.5
2.3
7.4
7.4
2.4
7.8
2.8
14.2
3.5
14.3
14.9
6.6
5.1
?.?
4.1
5.0
2.1
14.10
3.1
2.6
0.1
2.7
0.1
3.0
14.4
0.3
9.4
3.0
4.0
0.4
9.6
13.10
3.3
8.6
2.3
12.1
3.4
4.1
4.4
3.3
12.0
10.1
9.4
7.5
8.1
?.?
4.3
5.5
?.?
4.0
2.6
?.?
6.1
4.4
8.0
4.6
9.6
10.0
3.7
12.1
0.3
10.3
0.4
7.10
8.4
5.6
?.?
11.4
4.8
6.3
?.?
13.4
14.9
9.1
?.?
10.2
?.?
5.3
0.2
10.4
6.7
7.5
5.3
10.1
?.?
4.8
0.0
11.1
7.10
0.6
1.5
1.10
5.3
11.1
13.0
0.2
9.0
9.4
1.2
10.1
6.6
1.6
13.5
5.4
5.7
10.3
5.0
6.7
?.?
10.8
?.?
10.6
9.1
11.0
6.8
11.0
11.4
11.3
12.2
12.2
12.0
14.7
8.2
6.7
13.5
12.7
2.5
6.5
?.?
10.1
10.0
22.8
3.7
?.?
?.?
11.1
29.2
2.7
11.2
12.4
25.0
30.5
16.6
23.1
16.0
17.1
?.?
9.0
27.0
3.9
4.0
?.?
7.8
18.4
?.?
18.7
2.0
26.2
0.2
19.3
?.?
?.?
27.2
0.3
19.0
?.?
10.1
10.0
?.?
?.?
?.?
3.1
13.1
14.4
14.4
12.1
20.1
20.1
25.3
29.0
30.7
26.4
7.8
27.2
18.6
3.0
19.1
25.2
?.?
30.1
7.7
5.0
28.3
18.6
19.1
0.3
7.4
7.7
12.1
9.1
23.3
18.5
?.?
2.5
3.6
30.6
17.2
21.3
0.5
12.0
15.5
3.0
1.2
?.?
0.3
17.4
9.1
9.0
29.4
?.?
0.4
21.0
14.4
1.0
29.2
12.8
0.4
8.1
?.?
2.5
11.2
15.3
2.6
12.7
21.3
0.1
23.1
23.0
22.9
25.1
19.6
8.0
23.2
27.3
4.6
12.5
?.?
6.4
?.?
18.4
22.10
26.6
?.?
?.?
5.2
27.0
13.4
?.?
2.1
9.3
12.4
9.4
14.2
25.0
9.3
7.7
30.8
23.5
6.2
?.?
25.0
?.?
8.5
24.2
26.7
28.2
13.4
18.4
15.7
15.7
23.5
0.9
9.0
?.?
18.3
11.2
24.1
28.0
10.3
29.1
27.2
30.5
15.6
0.3
0.4
?.?
21.3
29.0
24.4
26.6
?.?
17.6
4.1
5.0
18.8
4.8
4.2
17.0
16.2
23.0
19.3
?.?
18.7
4.5
5.0
?.?
17.0
5.6
26.6
1.3
28.4
1.3
23.4
9.1
10.2
26.2
27.5
0.2
5.0
13.4
5.6
19.5
5.9
8.1
6.2
10.2
23.10
?.?
6.7
28.5
6.4
10.0
1.3
1.2
6.1
13.1
9.6
30.3
10.3
13.5
20.4
11.9
19.7
6.9
26.7
8.0
8.7
8.10
?.?
?.?
24.3
16.3
16.7
22.1
24.1
13.9
9.7
?.?
13.4
?.?
?.?
1.0
6.10
?.?
?.?
14.6
10.4
15.1
29.3
8.6
10.3
24.6
10.9
21.3
?.?
1.1
21.6
9.7
?.?
10.5
11.8
14.5
28.6
?.?
8.10
17.5
27.3
14.5
14.10
15.8
?.?
8.5
15.5
20.0
14.6
16.0
1.8
15.10
19.5
?.?
16.9
17.1
24.3
28.0
25.2
18.3
?.?
10.1
19.1
17.2
11.7
22.2
23.9
28.6
?.?
0.9
24.8
10.9
?.?
17.1
20.0
20.7
20.0
20.4
20.9
4.10
16.0
25.4
25.6
25.6
25.6
?.?
25.4
19.4
?.?
27.5
2.3
?.?
22.1
27.3
27.5
6.0
?.?
18.0
20.2
27.3
28.1
29.0
29.0
?.?
9.3
19.5
25.9
25.5
44.1
8.1
49.1
21.1
14.1
16.4
24.1
37.6
33.1
?.?
50.3
40.2
54.4
57.5
7.0
40.1
?.?
38.0
30.3
40.1
47.6
34.5
14.6
21.0
61.0
?.?
26.0
26.0
12.5
12.1
40.6
49.5
7.4
53.2
52.0
15.1
22.1
52.2
10.0
51.2
38.2
49.4
59.5
19.4
24.4
6.4
?.?
31.1
8.3
45.5
16.6
23.1
19.5
58.5
60.0
?.?
?.?
20.4
?.?
61.3
54.5
?.?
12.0
6.1
60.4
?.?
18.3
?.?
48.0
4.1
36.2
45.6
35.3
47.1
11.1
26.0
?.?
33.1
50.6
?.?
53.3
8.0
7.3
59.6
49.3
60.0
13.0
35.2
5.6
26.3
8.2
57.0
?.?
?.?
33.0
21.5
24.5
59.7
58.1
?.?
47.2
27.7
45.6
50.3
?.?
35.0
?.?
43.6
38.2
50.6
17.3
46.3
33.0
6.0
?.?
22.2
62.6
62.0
?.?
45.6
?.?
?.?
59.2
24.0
?.?
48.3
24.4
4.4
18.2
?.?
43.3
45.3
24.9
33.0
62.1
56.1
58.0
?.?
37.5
6.5
43.2
43.8
10.2
?.?
54.2
36.2
49.1
37.4
1.4
?.?
25.2
29.4
43.10
31.3
53.4
33.5
14.3
44.4
41.0
28.1
40.3
14.5
8.1
33.0
37.2
60.2
5.3
3.2
32.3
26.6
?.?
1.0
14.8
51.0
44.5
29.2
50.1
17.7
52.3
?.?
61.5
?.?
60.2
?.?
61.7
49.6
40.2
25.3
23.4
?.?
1.7
61.5
11.1
?.?
?.?
0.1
51.4
1.3
27.5
43.2
10.1
53.3
8.2
40.6
?.?
16.10
48.2
12.5
52.1
25.3
43.2
31.2
58.6
28.2
9.0
29.3
4.5
3.0
45.3
38.6
6.3
44.2
17.7
56.2
33.3
55.1
46.4
?.?
6.1
?.?
16.4
?.?
20.0
6.3
29.1
1.1
3.0
53.5
22.2
60.5
?.?
11.2
5.7
?.?
?.?
18.3
1.4
60.5
40.4
?.?
?.?
35.4
61.8
2.3
51.5
11.0
10.1
30.5
41.1
32.1
41.3
58.0
53.3
17.7
41.4
41.6
16.1
?.?
17.7
41.4
12.2
45.4
62.3
27.0
?.?
27.5
22.5
26.4
59.3
25.6
?.?
?.?
32.5
62.5
57.6
56.2
52.1
48.4
12.5
?.?
24.4
56.4
52.5
?.?
36.4
34.7
?.?
?.?
7.5
48.0
60.7
25.5
22.6
?.?
33.4
22.0
?.?
17.3
58.2
39.1
2.0
40.9
41.6
20.6
52.1
8.0
58.5
?.?
10.9
47.0
61.6
9.3
6.6
42.0
?.?
49.7
?.?
14.9
49.7
58.9
23.1
?.?
28.5
48.0
35.0
39.0
15.4
30.3
?.?
35.7
35.0
26.1
56.1
?.?
61.10
55.2
14.2
7.0
48.3
34.2
?.?
48.0
?.?
48.2
?.?
?.?
15.2
52.6
47.6
53.4
31.3
8.5
6.9
30.7
46.4
18.0
23.1
45.4
31.2
55.3
46.3
43.9
58.7
62.4
19.6
50.0
2.0
56.3
8.5
20.7
17.4
?.?
16.8
4.0
12.6
29.3
33.8
8.6
56.8
34.6
55.5
2.0
56.3
?.?
33.0
?.?
