1934
5360
6839
7496
11065
12631
13790
15418
15493
18217
18474
20456
21635
22013
24435
28416
31188
33244
35334
37830
41490
41771
43154
44799
45401
46537
49188
49313
53188
55912
56415
54325
2056 1
58951
61629
62459
62709
62891
64662
65684
0 -1
68280
2496 4
3875 5
69299
72528
75952
16109
1136 5
77135
1022 5
79969
16515
2596 4
7531
83300
125 4
83508
85076
85560
89623
92553
95515
57792
96517
97772
51567
1159 4
3947 3
100970
1022 4
2834 4
102480
103713
2930 5
1383
107568
257 4
108381
35746
111975
1183 4
113465
115362
118756
120566
19312
3280
122756
123579
52187
124504
127136
0 -1
26313
1159 4
128978
130375
132071
125604
134350
135736
139763
33257
99338
141181
141707
18727
142292
142366
57959
125136
1022 3
27710
4377 4
143887
144653
142563
145819
149829
16076
152711
156028
0 -1
81316
157862
1934 2
159231
92381
161064
164304
168291
169010
2962 5
171022
165692
171142
156722
173454
3851 1
51012
173685
176069
176955
177580
181162
830 4
30539
182066
4218 6
7381 6
184875
185774
54462
187004
187452
72004
188924
2496 4
3797 4
192077
192400
2799 4
192902
2930 5
193174
194526
4582 6
196668
115562
22461
107000
10092 4
1230 5
132747
196896
200408
7910
203017
152772
109767
206116
1386 5
206298
65045
4985 3
86856
208437
203538
210155
210448
3335 5
196580
212808
79399
3317 4
83649
162591
212872
212899
