caso 0:
2 54
3 217
3 25
3 67
3 85
2 97
3 95
4 214
3 170
3 111
4 172
3 241
4 183
4 55
2 63
3 210
3 54
3 130
3 244
2 45
3 146
1 47
3 109
4 225
3 176
3 154
3 175
3 204
4 244
3 48
1 49
3 105
2 128
3 86
3 162
3 4
2 32
2 34
4 239
3 168
3 40
4 32
3 26
4 244
3 66
3 110
4 109
3 194
3 121
3 30
2 187
3 86
4 60
3 67
4 47
4 67
2 134
3 37
3 67
4 64
4 167
3 167
2 40
4 120
3 52
2 2
4 171
3 76
2 27
4 113
2 40
4 51
4 4
3 157
3 15
2 175
3 158
3 65
2 25
2 60
3 85
4 181
3 118
2 4
4 80
3 16
2 65
3 122
4 80
3 144
3 200
4 193
4 105
2 68
3 135
4 0
4 0
3 187
3 76
2 209

caso 1:
2 84
4 36
4 231
3 96
3 37
4 55
3 26
4 276
4 208
3 204
3 194
4 52
3 171
2 39
4 160
3 69
2 57
4 228
3 57
2 104
4 268
4 117
3 48
3 103
4 142
4 54
4 242
3 12
3 158
3 0
3 64
2 149
3 85
3 41
3 31
3 165
3 219
3 187
3 161
4 260
2 18
2 82
1 6
3 126
3 174
3 99
3 108
3 33
3 152
4 9
3 138
3 23
3 157
4 42
2 81
3 0
3 91
4 198
3 175
2 129
3 142
3 67
1 46
2 127
2 110
2 149
3 178
4 62
3 152
3 197
3 7
3 20
4 42
4 4
3 73
4 45
2 68
3 53
3 145
3 110
3 79
3 50
4 63
2 57
4 261
3 7
2 85
4 79
2 94
3 171
4 16
2 114
4 238
4 150
3 180
4 64
4 213
4 258
3 69
3 214

caso 2:
2 17
4 28
3 103
3 3
2 162
2 35
4 79
2 49
2 189
3 191
3 5
2 36
3 33
4 51
3 165
2 206
4 65
1 51
2 173
2 111
3 0
2 72
2 105
4 71
4 92
4 230
2 28
3 114
3 33
4 73
2 59
3 106
3 30
2 34
3 23
3 49
4 4
3 13
3 203
1 39
4 172
3 130
3 123
3 121
3 58
3 176
4 203
4 65
1 12
3 160
3 137
3 17
4 179
3 45
3 47
3 57
2 65
3 101
3 191
2 136
4 247
2 102
4 70
3 10
3 10
3 155
3 161
3 226
3 222
3 190
1 25
2 48
4 198
2 44
3 28
4 109
4 0
2 66
2 144
4 233
4 156
2 69
2 124
2 140
2 28
2 114
4 170
2 56
3 148
1 38
4 17
2 165
4 275
3 203
2 117
3 150
4 152
3 216
3 118
3 65

caso 3:
2 121
3 164
4 31
2 120
3 57
3 139
3 110
4 95
2 112
4 261
3 124
3 6
2 86
4 327
3 112
2 21
3 4
4 142
3 29
4 33
3 154
4 164
3 17
2 261
4 85
4 147
4 68
2 159
3 183
2 238
4 96
4 185
4 58
4 79
4 89
3 119
4 166
4 205
4 176
4 117
2 45
1 59
4 97
2 38
3 163
3 8
3 230
2 66
3 110
4 83
3 197
2 37
3 10
3 48
3 190
4 266
4 233
3 54
3 168
3 93
4 55
3 90
3 1
2 99
2 109
3 234
4 222
3 58
1 44
4 203
3 144
3 213
4 62
4 261
3 46
3 14
3 99
2 98
4 198
2 25
3 222
3 26
3 120
3 0
4 85
3 19
4 212
4 237
4 193
3 12
4 31
2 85
4 295
4 293
3 85
3 21
2 86
4 257
2 99
3 256

caso 4:
4 99
4 222
4 13
3 175
4 245
4 177
4 80
4 237
2 159
4 23
4 71
3 108
2 58
2 83
4 80
3 25
4 165
2 133
4 160
3 109
3 141
3 83
4 22
3 48
3 100
4 184
4 35
3 73
4 246
4 110
4 165
3 72
3 74
3 154
3 49
4 49
3 229
4 137
3 27
3 169
3 32
4 47
3 280
3 161
3 16
4 248
3 118
3 150
4 116
3 186
3 215
2 105
3 140
3 139
3 103
3 114
3 85
2 12
3 222
1 27
3 44
3 165
3 61
4 265
3 111
3 101
1 7
4 0
4 254
2 72
3 145
1 38
4 30
4 179
4 157
3 176
4 237
3 181
4 213
4 262
3 119
2 143
3 138
4 220
3 201
4 154
3 30
3 141
4 224
4 258
3 14
4 252
4 23
4 111
3 133
4 189
4 187
3 94
4 67
4 57

caso 5:
4 47
3 9
4 169
3 99
4 21
4 13
4 108
3 154
2 122
4 277
3 215
4 18
4 130
2 135
3 9
3 150
3 100
4 233
2 37
3 145
3 83
3 184
3 57
3 157
2 15
4 5
4 156
2 43
4 48
4 243
3 1
3 10
3 130
3 148
2 29
4 40
3 112
4 152
4 224
3 126
4 207
3 127
3 70
4 250
3 90
4 110
3 129
4 28
3 189
3 173
3 102
3 6
3 194
4 25
4 202
3 55
4 255
4 22
3 197
4 226
3 170
4 199
2 134
2 85
3 157
3 86
3 34
4 139
4 77
4 246
4 129
4 56
3 137
3 218
4 14
2 62
1 2
2 70
3 228
4 243
4 194
4 176
4 257
3 91
2 183
3 102
4 168
3 81
4 40
3 121
4 235
4 0
3 47
4 161
4 174
4 57
4 133
4 39
3 89
4 298

caso 6:
4 95
4 27
3 3
3 218
3 172
4 59
3 35
4 223
4 145
4 154
3 169
3 169
3 92
2 35
3 77
2 129
4 189
3 182
3 18
3 233
2 113
3 42
3 180
4 263
4 205
3 123
4 234
4 61
3 8
3 28
3 135
4 105
3 106
3 113
2 19
4 214
4 234
4 85
3 84
3 94
3 46
2 188
3 19
3 116
4 120
3 152
4 46
2 30
4 289
3 174
4 238
4 215
4 112
3 243
3 166
3 10
3 163
4 81
4 189
4 264
3 203
3 109
2 120
4 38
4 214
4 214
3 151
4 202
3 159
3 41
4 46
3 80
3 196
4 70
2 123
3 228
4 45
3 157
4 228
3 72
2 144
4 42
4 278
4 92
2 55
4 233
3 178
4 10
3 93
4 180
2 131
3 220
4 110
4 243
2 95
3 188
4 93
4 30
3 118
4 181

caso 7:
3 92
4 38
2 58
3 0
3 84
2 56
4 16
3 186
3 137
4 46
4 194
4 177
4 216
3 49
4 279
3 67
4 123
4 102
4 195
3 144
2 76
4 167
3 108
2 183
3 123
4 139
2 83
3 0
2 30
4 112
4 115
4 127
4 245
3 90
4 224
1 57
4 242
4 29
3 108
3 188
3 74
4 242
3 9
4 8
3 32
3 67
3 17
3 109
3 103
4 116
3 133
2 24
4 245
3 141
3 63
3 147
3 178
3 84
3 158
3 147
4 231
3 149
3 180
3 225
4 255
4 274
3 38
3 129
3 144
2 165
3 91
3 254
3 27
3 199
3 42
1 35
4 70
3 181
4 184
4 13
3 25
3 128
2 111
4 200
3 59
3 190
2 160
4 251
3 124
3 193
4 268
4 153
4 278
3 63
4 13
3 159
4 84
3 147
2 149
4 37

caso 8:
4 116
3 103
3 33
4 207
4 56
2 100
2 117
4 153
3 65
3 19
1 92
3 119
2 79
3 62
2 132
4 101
2 11
3 58
2 129
2 75
4 20
4 258
2 45
4 203
4 293
4 283
4 80
2 164
4 171
3 38
4 13
3 118
3 78
4 175
1 76
4 251
4 208
4 225
1 56
4 247
4 14
3 104
4 217
4 280
4 8
4 143
4 229
4 62
3 130
4 168
3 195
4 244
2 88
2 22
4 270
3 216
4 143
4 247
4 4
4 79
4 173
4 132
2 55
4 157
4 149
4 39
3 65
4 142
4 75
4 259
3 198
4 93
4 163
4 0
3 164
4 170
3 39
4 166
4 19
4 130
4 62
3 173
4 117
3 80
3 112
3 36
3 104
2 100
4 207
1 84
3 79
4 162
3 151
4 111
1 1
3 85
3 120
4 153
3 17
3 132

caso 9:
4 35
2 48
3 7
3 3
4 203
4 84
3 88
3 167
2 128
4 8
1 29
4 64
4 172
3 217
4 90
2 176
3 137
2 134
3 208
4 38
3 131
3 103
3 16
4 51
3 51
2 81
2 145
2 23
4 275
3 169
3 186
4 116
3 201
3 30
1 38
3 19
2 10
4 131
4 241
3 21
3 72
4 195
3 33
4 18
4 189
3 208
4 161
3 149
2 5
4 263
4 100
2 105
4 20
3 183
2 67
4 297
4 34
2 54
4 270
3 208
3 42
4 18
3 159
4 99
2 122
4 64
3 48
3 108
4 241
3 147
3 156
3 176
3 84
3 54
3 173
2 45
1 21
3 142
4 38
3 140
3 46
3 131
3 172
2 68
3 58
4 69
3 56
3 56
4 109
3 183
3 200
4 146
3 192
3 78
3 58
3 70
3 106
3 125
4 151
3 2

caso 10:
2 109
3 143
4 271
2 5
3 140
2 145
3 111
3 38
3 149
4 276
2 32
2 131
4 22
3 102
3 182
4 33
3 70
4 40
3 227
4 178
4 54
2 142
3 169
3 193
2 81
3 91
2 122
2 86
3 19
4 78
2 172
2 131
3 25
4 137
4 120
4 80
3 245
4 34
4 135
3 198
4 128
4 135
3 115
4 17
3 18
3 99
3 10
3 150
4 101
4 241
4 257
3 160
3 21
3 142
3 95
3 91
4 67
3 89
3 123
3 232
4 4
3 134
4 134
2 152
4 49
3 138
3 197
4 0
4 243
4 257
3 52
2 22
4 8
3 78
2 0
4 28
3 117
4 229
4 215
4 72
3 221
2 119
3 79
1 1
2 79
3 194
4 210
3 210
4 89
4 71
3 51
4 137
4 80
3 188
2 3
3 188
2 155
3 143
4 200
4 107

caso 11:
2 157
3 217
2 101
3 3
3 54
4 189
3 6
2 181
3 112
3 114
3 34
3 58
3 33
4 108
3 205
3 67
2 127
3 186
4 52
3 4
3 121
3 101
4 153
3 144
3 101
1 53
3 40
4 181
4 116
3 42
4 284
3 153
2 197
3 77
2 131
2 10
4 8
3 132
4 9
3 124
3 88
3 0
3 115
4 185
3 243
3 165
2 57
3 160
4 64
3 38
4 143
4 143
4 208
2 51
4 61
3 219
3 214
3 147
3 182
3 123
3 75
2 99
4 128
4 274
4 88
4 38
3 60
3 145
3 239
3 77
3 211
3 88
4 239
2 56
4 217
4 162
3 236
4 281
3 188
3 232
4 273
4 264
3 34
4 109
4 277
3 104
3 225
4 185
3 152
4 167
3 157
3 56
3 118
4 44
3 67
3 227
3 79
2 62
3 6
3 90

caso 12:
3 197
3 157
4 45
2 74
2 93
3 192
4 85
3 46
4 184
4 144
3 61
3 203
2 28
3 118
3 71
2 49
4 41
4 93
2 32
3 63
2 33
3 191
2 61
4 107
3 25
2 127
2 42
3 18
2 179
3 137
3 36
4 71
2 130
4 197
4 181
2 106
3 153
3 171
4 31
3 75
2 29
4 15
3 0
1 44
4 31
4 46
4 63
4 274
3 71
3 187
4 186
3 179
3 172
4 67
3 208
4 25
4 50
2 135
3 133
3 106
3 203
2 45
3 141
4 134
4 21
4 107
3 182
3 181
3 51
3 126
4 257
3 233
3 149
4 224
3 74
2 117
3 71
3 150
2 15
3 215
3 24
2 98
3 177
3 106
3 207
3 131
3 161
3 92
3 184
2 48
4 220
2 221
3 143
3 47
3 146
3 12
2 123
2 147
3 200
3 103

caso 13:
3 117
3 196
3 79
4 178
3 218
4 307
2 57
3 51
4 104
3 69
2 72
3 175
3 94
3 28
3 197
2 156
3 165
3 150
2 185
3 19
3 139
2 186
2 94
3 45
2 45
3 208
4 198
3 58
2 65
3 31
2 97
3 120
3 215
2 24
3 183
3 91
3 61
4 200
4 210
2 84
3 31
3 147
3 145
2 76
4 102
2 15
3 203
4 164
3 20
3 141
2 168
3 59
4 178
1 7
3 81
4 299
2 13
3 179
4 42
4 116
2 47
4 243
4 265
4 164
3 208
3 37
2 110
4 231
2 138
4 261
2 15
3 3
4 44
3 53
3 74
4 156
3 9
3 44
3 88
3 141
2 97
3 124
3 181
3 97
4 229
4 125
4 14
4 178
3 93
3 204
4 150
3 0
3 118
3 156
4 271
3 142
3 121
3 150
3 209
3 236

caso 14:
3 167
3 206
3 218
4 25
4 63
2 159
3 134
2 13
3 109
3 190
3 207
3 59
2 232
3 189
4 68
2 151
3 163
4 0
4 136
3 149
3 225
3 97
3 245
3 185
3 24
3 117
3 170
4 196
2 5
2 222
4 134
4 110
4 94
4 232
2 37
2 102
3 175
2 65
3 102
2 143
3 32
4 223
2 13
4 88
2 197
4 126
3 246
4 71
2 230
3 181
3 165
3 76
4 52
3 137
4 146
4 264
3 176
3 140
3 12
2 95
4 146
3 50
4 154
3 7
2 42
3 0
4 132
4 171
3 179
4 291
3 81
3 211
3 221
4 264
4 261
3 197
3 40
4 52
4 201
4 39
4 273
2 74
3 115
4 228
4 227
4 128
3 220
3 74
4 217
2 203
3 157
4 56
4 133
3 41
4 129
3 217
3 28
4 226
4 9
4 68

caso 15:
4 248
3 118
4 174
4 188
2 41
4 21
4 35
4 0
3 153
4 235
4 207
3 209
4 147
3 207
2 42
4 225
3 164
3 77
3 67
4 77
3 153
4 145
4 272
4 247
3 18
4 54
3 76
2 135
4 216
3 34
4 168
4 255
3 155
3 130
3 284
3 202
4 99
3 98
4 216
2 70
4 164
3 143
3 127
3 117
4 221
4 112
3 96
3 142
3 35
4 0
4 110
3 165
4 230
3 152
4 17
2 85
3 31
4 73
4 160
4 164
2 103
4 172
3 110
4 21
3 66
3 25
4 132
4 196
3 162
4 108
3 137
3 128
4 80
3 123
3 136
2 198
3 237
2 169
2 125
3 57
3 145
2 160
4 155
4 129
3 163
4 263
4 89
3 154
3 177
3 204
2 230
4 229
3 187
3 64
3 154
3 12
3 79
2 118
4 264
3 94

caso 16:
3 174
3 14
2 38
4 173
4 227
3 61
3 83
4 79
4 169
3 40
2 140
4 60
2 196
4 0
4 29
4 272
2 19
2 150
3 91
3 26
3 41
3 79
4 135
3 185
1 29
2 102
3 215
2 38
3 226
2 119
2 69
2 95
3 90
3 215
2 106
3 165
2 181
3 79
3 12
1 54
3 98
3 150
2 25
2 212
2 131
3 107
3 181
3 43
1 72
4 199
3 270
2 86
2 46
3 7
4 19
2 85
3 32
3 65
2 8
3 169
3 89
3 152
3 79
2 26
4 90
2 177
4 258
4 154
4 305
3 95
2 87
3 109
3 233
3 91
2 150
3 223
2 189
3 55
3 23
3 245
2 133
2 134
3 81
3 162
1 54
2 129
3 74
3 135
3 86
3 46
3 96
4 97
2 69
3 68
2 9
1 21
4 22
3 196
4 46
2 43

caso 17:
4 49
3 98
4 250
4 267
3 156
3 8
4 110
3 56
3 146
4 61
4 196
4 95
3 120
3 30
3 6
3 126
3 57
4 287
4 255
4 175
3 93
3 218
4 42
3 116
3 133
4 25
4 10
3 20
4 269
4 255
4 54
2 146
3 203
4 90
2 96
4 74
3 88
3 226
4 61
4 104
3 108
3 221
2 98
3 207
4 149
4 294
3 158
3 255
4 172
2 42
2 17
4 74
3 240
4 145
3 195
3 32
3 307
3 182
3 130
3 87
2 60
2 155
4 29
3 192
4 242
3 21
1 41
4 264
3 202
3 200
4 162
2 21
4 286
2 60
3 107
3 200
3 214
3 89
2 33
3 170
4 47
3 83
2 163
3 159
3 198
4 51
3 56
2 102
4 79
4 96
4 203
1 72
4 69
4 143
3 128
3 46
4 68
4 227
3 108
4 27

caso 18:
4 77
3 7
3 249
4 175
4 269
3 187
3 12
4 151
3 107
3 143
4 193
4 201
4 145
3 53
3 76
3 138
3 71
3 15
2 119
2 13
3 25
4 172
3 27
3 148
3 50
4 194
2 54
3 127
4 244
4 13
4 223
2 95
4 257
3 141
2 115
3 113
2 88
4 92
4 14
2 113
2 96
3 236
2 127
4 260
3 82
4 26
4 111
2 52
4 150
3 16
3 55
4 106
3 45
3 201
4 215
4 274
4 109
2 159
4 97
2 56
4 202
4 251
4 243
4 184
2 34
4 42
3 194
3 89
3 142
3 148
4 58
3 238
3 185
3 55
2 170
3 123
3 165
1 46
2 138
3 34
2 153
4 207
3 78
3 198
4 69
3 201
2 31
3 180
4 146
3 103
3 113
3 113
3 90
3 83
2 180
3 108
3 155
2 90
3 202
3 97

caso 19:
3 158
3 0
3 294
4 167
3 92
4 122
4 22
3 175
4 240
3 124
2 24
1 65
4 103
3 24
4 264
4 260
2 59
4 199
3 140
3 199
4 267
3 104
3 191
4 121
3 88
2 86
3 39
4 51
3 4
2 123
4 206
3 224
3 102
4 278
4 31
2 151
4 45
4 94
4 275
4 17
4 95
3 156
4 70
4 205
2 27
2 6
3 90
4 232
4 233
2 112
2 111
3 62
4 219
4 14
3 20
2 16
3 265
2 155
2 124
3 189
4 10
3 163
4 206
4 21
3 223
4 120
4 214
4 239
4 281
4 255
3 106
3 37
3 201
3 233
3 167
3 146
2 27
2 86
4 216
3 133
4 294
3 278
4 5
3 163
3 37
3 88
3 135
3 102
3 80
4 116
4 134
4 194
4 13
4 84
2 234
4 198
3 229
2 5
4 64
3 173

caso 20:
3 177
3 16
2 95
3 190
4 218
3 155
3 59
2 185
3 170
3 209
3 24
3 138
2 120
3 68
2 122
4 149
4 0
2 58
3 77
3 244
3 88
3 48
3 25
2 151
3 168
3 251
4 219
3 195
4 111
3 210
3 203
3 162
4 105
3 139
2 10
4 177
2 4
4 106
3 213
4 84
3 130
3 198
3 187
2 65
2 173
3 163
4 24
2 50
2 179
3 16
2 169
3 190
2 97
4 262
3 15
3 93
4 133
3 33
3 47
2 16
4 90
3 207
2 122
3 130
3 65
2 27
3 114
3 141
2 86
2 21
2 15
3 225
2 76
3 22
3 33
3 86
4 47
3 57
3 49
1 91
4 188
4 228
3 246
3 106
3 233
4 128
3 65
3 54
2 93
4 221
4 0
3 124
2 9
4 261
2 19
4 253
2 69
3 58
3 224
4 247

caso 21:
2 90
4 199
4 122
2 43
4 231
2 127
3 64
3 182
2 24
3 2
2 62
4 195
4 49
3 126
3 110
3 58
2 67
2 131
3 69
2 20
3 197
3 115
4 262
4 298
4 193
3 94
3 135
4 63
4 89
4 239
3 9
3 144
2 47
2 124
4 217
4 98
4 254
4 223
3 142
2 120
4 107
3 27
3 41
4 186
4 185
4 237
4 153
4 230
4 219
3 192
3 231
4 291
3 152
4 106
4 70
4 223
3 143
4 17
2 8
3 11
3 16
3 215
2 172
2 54
2 35
4 62
2 119
4 237
2 58
4 4
3 136
4 226
4 72
2 92
3 225
3 114
3 49
4 139
3 38
4 113
3 163
3 122
4 87
4 205
4 285
4 80
4 135
4 223
3 94
2 64
4 0
4 211
4 158
3 0
2 51
4 43
3 118
3 36
3 207
4 245

caso 22:
3 123
4 101
3 55
2 58
4 194
2 103
4 16
3 90
2 45
4 287
3 55
3 148
2 0
4 116
4 310
3 186
3 204
3 151
3 146
3 139
4 16
2 67
3 134
3 170
2 111
3 143
2 233
4 94
3 149
4 5
3 66
2 84
3 187
4 309
4 52
4 20
4 24
3 62
3 204
4 50
4 39
3 109
3 25
2 23
3 94
3 237
2 125
3 63
2 55
3 54
3 50
2 107
4 9
2 167
3 183
3 123
2 84
4 227
3 52
3 52
4 316
4 86
2 41
3 185
3 84
2 57
4 75
4 86
4 45
4 209
2 116
2 133
2 211
4 198
4 76
3 68
3 70
4 120
2 183
4 4
3 127
1 33
4 253
3 127
4 183
2 158
2 148
3 41
3 116
3 128
4 74
3 178
4 246
3 27
3 135
3 52
4 242
2 24
3 224
4 103

caso 23:
3 220
3 100
4 25
3 170
4 246
3 85
4 211
3 225
2 71
3 188
4 279
2 153
3 204
3 239
3 152
4 76
4 152
4 61
3 93
3 192
3 198
4 214
2 64
3 29
3 28
2 23
2 80
4 177
3 104
2 53
3 7
3 51
4 45
3 62
4 28
2 40
4 12
4 253
4 48
3 131
4 104
4 201
4 179
4 55
3 171
3 141
2 56
4 265
3 100
3 190
2 82
2 61
2 0
3 160
4 269
4 113
4 166
2 91
3 33
3 236
3 92
3 84
4 220
3 195
4 277
3 76
3 141
4 271
4 21
4 34
3 129
3 220
2 117
3 226
3 83
3 87
4 192
4 101
3 162
3 106
4 61
4 71
4 243
4 248
4 81
4 232
3 193
4 21
2 101
4 132
3 53
4 71
4 184
4 66
3 186
4 69
4 208
4 252
4 220
4 275

caso 24:
4 258
3 102
3 163
2 13
3 122
4 94
3 22
3 208
3 82
2 113
4 74
4 267
3 80
3 47
3 144
3 161
4 24
3 240
2 6
3 175
2 96
4 178
4 166
3 15
2 105
4 16
3 149
4 101
2 147
3 96
4 61
4 21
4 156
4 9
4 91
3 171
2 33
3 61
2 17
3 165
2 53
3 38
4 22
2 156
4 115
4 96
4 62
4 76
4 16
3 3
4 166
4 134
2 99
3 102
3 65
2 48
2 4
3 216
4 90
4 177
4 22
3 203
3 142
3 213
3 129
4 171
3 12
3 143
3 193
3 128
4 179
2 109
4 65
4 253
3 162
4 166
4 266
2 12
3 161
3 71
3 142
4 13
2 153
4 139
3 0
2 24
3 206
3 101
4 59
2 16
3 192
2 58
3 53
4 124
4 23
4 72
4 92
3 153
3 156
4 106

caso 25:
4 79
4 298
4 55
3 113
3 254
3 17
4 269
2 69
3 145
3 243
4 113
4 214
2 49
4 198
3 142
4 217
4 8
4 46
4 13
4 182
4 22
4 185
3 245
4 88
3 218
3 125
3 206
4 267
3 74
4 151
4 197
3 216
4 99
4 34
3 50
3 16
3 258
3 31
4 191
4 100
4 78
3 143
3 156
3 20
4 177
3 76
3 155
4 0
3 59
3 50
3 70
3 219
3 277
2 119
4 46
3 226
3 197
4 169
4 183
3 8
3 18
4 234
4 191
4 139
3 197
3 218
4 164
3 29
3 104
4 260
4 203
3 80
3 206
4 202
2 114
4 163
3 97
4 227
4 82
4 12
4 0
4 42
3 157
4 256
4 157
3 173
3 94
2 71
4 313
4 51
3 114
2 205
1 76
4 154
4 35
4 238
2 57
4 86
3 71
4 222

caso 26:
4 74
3 144
2 153
3 81
3 177
2 166
3 167
3 139
2 139
4 18
4 133
3 60
3 103
4 254
4 175
3 199
4 258
2 54
3 7
3 143
3 30
2 62
3 106
4 156
4 23
3 115
4 168
3 58
3 107
3 233
2 9
3 23
3 31
2 59
3 192
3 0
4 147
3 199
2 113
3 146
2 54
2 2
3 177
2 144
3 0
2 9
3 113
3 194
4 92
3 19
4 256
3 122
3 153
4 286
4 46
3 105
4 55
3 161
3 58
2 91
2 123
3 193
1 13
2 23
4 95
3 53
4 174
2 60
3 41
3 198
3 116
3 41
2 79
4 8
2 4
3 0
3 200
4 0
4 272
2 71
4 49
3 96
3 163
2 10
2 132
2 103
2 162
2 78
3 219
2 50
4 9
4 182
4 74
3 56
3 194
3 29
2 50
3 81
1 70
1 33

caso 27:
4 191
3 3
3 137
3 38
3 106
4 114
4 235
3 213
3 181
3 46
4 213
3 80
4 146
3 99
3 172
4 97
4 160
2 124
3 151
4 175
4 265
2 62
4 65
4 100
3 94
3 213
4 29
3 128
3 3
4 167
3 122
4 20
3 62
4 259
4 139
3 177
3 115
3 302
2 36
3 51
3 186
4 71
4 61
3 82
3 194
4 31
2 131
3 123
3 223
2 184
4 280
4 29
4 223
3 38
4 223
4 180
2 67
4 112
4 197
3 23
3 218
4 120
3 243
2 134
4 113
2 174
2 25
4 231
3 71
3 173
4 59
3 124
3 68
4 295
2 3
2 129
2 105
3 202
4 66
4 83
3 68
4 198
4 138
2 28
3 32
4 38
3 85
3 80
2 4
4 254
3 253
3 93
4 211
4 230
4 232
4 266
3 94
2 72
3 23
2 138

caso 28:
4 33
3 204
4 190
2 59
3 89
3 184
3 50
2 12
4 63
3 76
3 26
3 185
4 248
3 7
3 199
2 34
3 57
3 189
4 110
3 116
3 213
4 277
3 123
2 124
4 4
4 77
2 160
4 250
4 54
3 201
3 73
4 283
4 54
3 126
2 41
2 60
4 204
3 176
2 51
3 96
4 91
4 183
2 10
3 193
3 158
3 51
3 205
4 245
3 123
2 71
4 245
3 56
2 91
3 60
3 67
3 17
2 151
3 194
4 144
2 128
3 124
4 18
3 171
2 118
3 102
4 258
2 17
1 34
3 85
3 194
4 13
3 214
3 76
3 58
1 19
4 162
3 158
2 32
2 42
3 63
4 161
4 111
4 203
4 137
3 119
3 207
3 182
4 144
3 9
3 203
2 125
4 259
4 268
3 120
3 9
4 245
3 139
3 32
4 199
3 33

caso 29:
2 107
3 190
3 11
3 23
4 159
2 117
3 2
3 35
3 217
2 194
3 44
3 211
3 215
2 106
3 174
3 121
3 135
3 67
3 7
3 79
3 157
3 61
2 47
2 52
3 156
4 221
3 223
3 131
3 177
3 211
3 146
3 40
4 268
3 196
4 255
3 45
3 11
2 67
4 139
3 11
3 221
3 61
2 70
3 23
3 141
2 30
3 208
3 110
3 136
3 158
3 33
3 101
2 104
2 188
3 19
3 45
2 163
3 69
3 136
3 162
2 161
3 127
4 279
4 128
4 133
3 40
4 58
2 42
1 23
3 198
4 261
3 237
3 69
2 168
4 156
3 27
3 66
2 64
4 143
3 48
2 111
3 40
4 11
3 24
3 180
2 196
3 41
4 135
1 55
3 113
4 117
3 4
1 19
2 149
3 127
2 137
3 159
1 90
3 21
3 152

caso 30:
3 122
4 151
2 154
3 104
3 133
3 181
3 121
3 140
4 32
3 132
4 287
2 141
3 210
2 212
2 106
4 179
3 155
3 44
3 172
3 116
3 140
3 109
4 42
2 79
4 96
2 212
3 76
3 161
4 200
3 216
3 83
4 86
4 17
3 228
2 76
4 225
3 238
4 151
2 0
4 248
4 260
4 21
3 63
3 249
2 24
3 164
2 122
2 17
3 0
2 17
4 167
3 165
4 132
4 291
3 136
3 119
4 58
4 227
3 148
4 126
4 59
4 70
4 117
4 182
3 26
2 50
4 79
3 54
3 115
4 182
2 6
3 47
4 117
2 84
2 17
4 0
2 245
4 30
3 31
3 144
2 24
3 93
3 60
3 147
3 188
3 108
4 206
3 226
4 210
3 166
4 171
4 153
2 12
4 4
3 157
4 71
4 4
4 203
4 63
2 117

caso 31:
3 3
1 29
1 102
4 260
4 79
4 227
4 59
2 85
3 17
4 129
3 219
4 188
3 199
4 170
4 104
4 92
3 199
3 231
4 156
2 41
2 1
4 168
4 126
2 88
3 155
4 263
3 185
3 129
3 145
4 216
3 191
4 108
1 100
3 86
4 188
3 183
2 56
4 247
4 275
2 183
3 138
3 92
4 51
4 73
4 74
2 173
4 166
4 30
3 187
2 140
4 58
4 142
3 27
2 141
4 91
3 213
4 61
4 219
3 202
2 139
4 125
3 104
3 196
4 223
4 80
3 196
1 41
3 136
2 155
3 149
4 227
3 153
4 48
4 256
4 270
4 85
3 107
4 217
4 250
3 115
4 200
2 68
2 32
3 154
1 96
1 17
3 213
3 62
4 41
2 96
3 48
4 131
3 151
2 110
2 136
3 128
3 66
4 92
4 0
4 199

caso 32:
2 107
2 116
4 163
3 215
3 285
4 95
3 208
3 204
3 174
4 141
4 223
3 186
4 194
4 202
3 211
3 89
4 23
3 142
2 49
3 203
4 209
4 105
3 92
3 132
4 103
4 222
3 105
2 63
4 60
3 51
4 163
4 78
4 16
4 61
2 183
3 112
4 97
2 21
4 8
4 103
1 68
2 51
3 67
2 106
4 101
4 129
3 131
4 126
3 17
3 132
3 39
2 75
3 35
2 61
4 46
3 25
4 10
4 59
2 92
2 88
4 211
4 184
3 134
3 37
3 65
4 143
3 21
3 217
4 211
4 55
3 111
2 133
2 161
4 134
4 68
4 267
3 36
3 117
4 245
3 200
4 82
3 126
3 8
3 214
3 110
3 261
4 18
4 256
3 89
2 52
3 145
3 21
2 44
4 255
4 38
3 93
4 234
4 15
2 90
3 3

caso 33:
4 217
3 207
3 117
4 34
3 168
2 30
4 278
3 204
2 103
2 111
3 189
3 229
3 27
3 121
3 20
3 159
3 131
3 113
4 117
4 165
3 165
2 79
3 239
2 127
4 37
3 194
4 31
4 101
4 50
4 114
4 249
4 124
4 229
4 104
3 211
3 58
4 127
4 88
3 185
3 0
3 29
3 214
4 144
3 85
4 24
4 226
3 172
3 240
3 40
3 246
3 218
4 0
4 281
4 131
4 61
4 95
3 166
3 267
3 219
2 62
3 149
4 152
4 88
4 121
4 181
2 44
3 210
3 79
4 242
3 2
1 55
2 5
2 95
2 90
2 16
2 75
2 112
4 169
2 153
4 52
4 95
4 111
3 86
3 79
2 38
4 31
4 209
4 29
4 263
3 243
3 27
4 204
4 158
4 219
3 214
4 60
3 204
4 0
2 161
4 158

caso 34:
3 238
3 20
4 186
3 27
2 165
3 62
4 295
3 147
3 208
3 100
4 126
4 181
3 153
2 58
3 4
4 104
3 9
5 52
2 18
4 105
3 141
2 46
3 138
3 7
3 145
2 154
3 164
4 89
3 150
3 165
4 243
4 126
2 38
3 245
3 93
4 120
4 113
3 229
4 1
3 86
4 16
2 47
3 29
3 85
4 293
3 147
4 128
2 187
4 39
4 157
4 190
3 114
4 85
3 222
4 83
3 184
3 103
3 211
3 210
1 114
4 68
4 139
2 98
4 16
4 230
2 85
3 160
3 116
3 63
3 114
4 154
3 242
2 40
2 59
3 105
3 181
4 187
3 186
2 130
3 26
4 137
3 49
4 81
2 162
2 27
3 220
4 163
3 100
3 23
2 92
3 50
3 208
3 17
3 16
3 197
2 62
3 179
5 153
3 125
4 179

caso 35:
4 53
4 175
4 26
3 174
4 245
3 31
3 249
3 9
4 127
4 9
2 136
4 218
4 205
4 269
4 122
4 98
4 164
3 46
3 126
3 12
4 0
3 108
4 107
2 99
4 69
3 81
3 64
3 51
3 31
4 261
4 139
3 135
3 115
4 71
4 219
2 148
4 137
2 72
4 249
3 63
4 87
3 52
4 172
2 113
3 84
3 220
3 80
4 94
4 197
2 148
4 39
4 224
4 31
4 69
2 117
3 133
3 14
4 266
3 44
2 55
4 269
4 225
1 37
3 142
3 106
4 30
3 226
2 2
3 44
3 74
4 18
2 144
2 175
3 34
4 138
3 160
3 44
4 124
4 120
3 178
3 152
3 196
2 16
4 235
3 128
4 269
2 9
3 202
2 108
4 88
3 70
4 217
3 37
3 109
3 171
3 100
4 163
3 221
3 42
4 74

caso 36:
3 166
3 54
3 23
4 37
4 37
2 126
3 157
4 214
4 54
3 24
4 47
4 293
4 17
4 218
4 82
2 173
4 235
4 37
3 162
3 207
4 112
2 125
2 104
3 153
2 141
4 208
2 79
4 26
3 63
4 187
4 10
3 20
4 255
3 204
3 46
4 111
4 139
2 13
3 34
3 181
2 206
4 251
3 15
2 73
3 26
3 160
2 140
3 141
2 4
1 91
2 110
4 62
4 24
2 200
3 4
4 78
4 98
3 60
4 184
4 212
4 42
4 184
4 244
3 131
3 197
3 160
4 11
3 87
3 30
4 165
4 100
3 174
3 195
4 184
3 90
3 115
4 197
3 263
3 72
4 71
4 66
3 162
3 218
4 221
3 89
4 40
4 140
3 166
4 225
4 66
3 48
3 6
4 267
4 95
4 65
4 227
2 60
4 6
4 232
3 99

caso 37:
4 194
4 262
2 0
2 124
3 205
3 163
2 30
3 97
3 23
2 58
4 188
3 146
4 175
4 206
2 70
4 253
3 21
1 95
3 57
3 41
2 97
4 18
3 135
3 175
4 261
3 118
4 243
4 121
3 186
2 24
3 23
3 199
3 140
2 179
3 173
4 107
4 210
3 105
3 90
4 170
3 145
3 153
3 90
4 122
3 119
3 184
3 23
4 5
2 6
2 90
4 56
3 117
2 84
3 121
2 111
3 157
3 91
4 272
3 243
3 156
4 91
3 165
3 44
2 156
3 73
3 107
4 185
3 148
3 21
4 144
4 84
3 147
4 112
4 72
4 244
2 182
4 102
4 20
3 133
3 68
3 75
4 286
4 231
3 92
4 125
4 124
4 128
4 224
3 94
3 154
4 76
3 137
4 87
3 245
3 152
2 76
4 4
3 233
4 9
2 16

caso 38:
4 55
2 123
2 43
3 248
3 60
4 194
3 228
3 40
4 217
4 235
3 158
3 218
2 19
3 176
4 122
3 119
3 102
4 46
4 252
3 223
4 130
3 114
2 19
4 98
3 162
3 159
3 149
4 99
4 57
3 238
4 145
3 254
4 4
3 62
4 189
3 194
4 234
4 78
3 219
2 0
3 148
4 260
3 89
2 123
3 79
3 20
3 184
4 18
3 28
4 277
3 103
4 154
4 48
3 36
3 24
3 213
3 160
4 4
2 119
4 200
3 3
3 16
2 137
3 47
4 292
3 159
3 47
2 91
3 205
2 15
3 49
4 219
2 125
4 148
4 241
3 22
3 132
3 180
3 212
4 144
4 8
2 72
3 136
3 184
3 192
3 79
2 59
3 2
4 271
3 177
3 232
3 16
2 60
3 85
4 287
4 9
4 260
4 97
3 152
2 56

caso 39:
3 87
4 275
4 243
3 202
2 126
4 46
3 83
2 133
3 45
3 187
3 89
2 29
4 101
3 159
4 112
4 147
3 67
4 8
4 17
1 47
3 99
3 45
4 73
4 264
3 183
2 33
3 136
3 141
3 152
4 196
3 33
3 157
3 176
3 203
4 78
3 56
2 101
4 229
4 8
4 224
2 0
4 286
2 23
4 85
3 184
3 224
3 49
3 137
3 147
4 79
4 144
3 230
3 43
4 242
3 153
4 75
4 74
3 85
4 199
4 29
2 159
2 44
3 43
4 21
4 142
4 154
4 76
4 268
3 173
3 133
3 74
2 123
3 139
2 15
4 268
4 179
3 78
4 138
3 154
3 84
4 213
2 19
3 86
2 51
4 250
3 120
4 288
4 97
4 270
4 23
3 121
3 175
4 247
3 40
4 167
3 77
4 225
4 176
4 189
3 55

caso 40:
2 8
4 155
4 262
4 31
4 144
4 82
3 59
3 208
3 34
4 56
4 106
3 228
3 206
4 41
3 149
4 0
2 94
3 82
4 227
4 270
2 2
2 49
3 45
2 29
2 72
3 237
4 156
4 107
3 198
3 77
3 117
4 130
4 166
3 73
4 87
3 49
4 202
4 203
4 4
4 265
4 237
3 123
2 13
4 43
2 89
3 102
4 38
3 55
4 84
3 87
4 166
3 154
2 143
3 213
3 164
4 232
4 217
4 190
3 98
4 275
3 13
4 143
4 86
3 172
1 92
2 118
4 71
4 51
3 31
2 124
4 44
3 111
4 177
2 45
4 97
4 17
2 29
4 27
4 26
4 204
3 175
4 262
3 49
3 52
4 36
4 202
4 202
4 116
4 70
4 69
3 221
4 88
2 97
4 267
3 168
3 37
3 194
3 19
4 233
4 98

caso 41:
3 148
3 127
3 88
2 164
3 255
3 151
3 172
2 90
3 212
3 122
2 0
4 68
3 13
3 189
2 145
3 6
4 76
2 138
3 52
3 4
2 22
3 191
3 247
3 82
3 10
2 175
2 98
2 73
3 153
3 120
2 54
3 113
4 34
3 182
3 182
2 82
3 151
2 169
3 91
4 86
4 55
3 87
2 64
4 79
2 67
4 21
4 201
3 65
3 187
3 186
3 240
4 120
4 21
2 110
3 107
4 241
2 155
4 78
4 249
3 183
4 144
3 123
3 102
3 161
3 154
3 113
3 25
3 3
2 10
2 141
3 75
3 187
2 51
2 142
3 18
4 43
2 96
3 26
2 135
4 132
2 161
4 62
4 224
3 184
2 5
2 111
2 214
3 24
2 127
2 53
2 205
3 210
4 250
3 276
4 245
3 86
3 172
2 135
4 246
3 227

caso 42:
4 135
4 293
4 191
4 322
4 81
2 80
4 76
4 29
2 48
4 83
3 173
4 211
3 116
2 120
3 76
4 100
4 184
4 247
4 91
3 182
4 239
4 234
3 89
2 152
3 264
3 183
3 149
3 153
4 241
4 100
3 146
3 147
3 293
4 176
4 0
4 267
3 135
3 252
2 142
3 116
4 65
4 56
3 221
3 105
3 259
4 14
4 181
4 215
3 102
4 203
3 55
4 40
3 58
2 199
3 130
4 256
3 64
4 158
3 58
4 141
4 189
3 55
4 130
4 36
3 6
3 99
2 37
2 204
4 26
3 207
3 127
3 82
4 231
4 150
2 238
3 220
3 101
4 237
3 45
4 112
3 82
2 166
3 111
2 110
2 240
4 0
4 104
4 9
3 91
3 215
4 38
4 37
4 121
4 0
3 259
3 6
4 9
4 1
3 93
3 24

caso 43:
4 32
3 159
3 236
4 300
4 19
2 24
4 180
4 24
3 79
3 207
4 101
4 266
4 290
4 223
3 0
3 157
2 43
3 153
3 70
3 58
4 96
3 149
2 46
3 171
2 135
4 252
4 234
3 15
3 29
2 89
4 277
3 193
4 194
3 196
3 25
4 118
3 122
2 102
3 253
3 158
4 95
3 64
4 278
3 222
2 2
4 221
2 151
2 186
3 82
3 206
4 307
4 0
3 261
3 136
2 16
3 184
4 21
3 206
2 67
3 65
3 202
3 146
4 116
3 33
2 98
3 8
3 92
4 248
3 190
4 138
2 40
4 174
4 201
3 28
2 144
4 256
3 7
3 91
4 25
3 101
4 48
4 194
3 155
4 127
3 54
4 70
2 150
3 151
2 187
4 0
2 132
4 258
4 96
4 2
3 189
4 253
3 167
2 4
2 180
3 145

caso 44:
4 196
4 70
3 128
3 36
4 142
3 186
2 112
2 36
4 30
3 40
4 179
4 116
2 142
2 77
4 242
3 122
4 208
2 36
4 216
4 77
3 47
3 238
3 7
2 47
3 194
3 51
4 83
4 216
2 116
3 247
1 19
4 72
3 62
4 171
3 135
4 153
4 5
4 57
3 165
3 107
3 61
3 206
3 0
4 134
2 86
4 178
3 106
3 1
3 187
3 31
4 28
4 85
4 52
4 206
2 159
4 46
3 167
4 17
3 79
3 61
3 139
1 66
4 257
3 130
4 88
2 125
3 75
3 20
4 116
3 60
3 68
4 191
3 167
3 135
2 128
3 128
3 103
3 140
4 128
4 166
3 33
3 25
4 176
3 92
4 181
2 68
4 214
2 156
1 46
4 77
4 41
4 92
4 204
2 15
3 52
4 266
4 65
2 0
4 278
2 47

caso 45:
3 20
3 225
4 164
4 21
4 56
4 154
4 110
4 182
3 121
4 139
3 10
4 107
4 12
2 104
2 91
2 6
3 161
4 120
4 49
3 123
2 41
4 200
4 115
3 0
3 23
3 174
3 222
2 62
4 209
3 0
3 115
3 68
4 102
2 119
4 188
3 199
3 23
3 85
3 59
4 84
3 171
4 11
4 50
3 84
2 38
3 219
4 125
2 31
4 4
4 92
3 24
3 167
4 266
3 24
3 171
3 88
3 156
4 202
3 109
4 241
3 56
4 149
3 210
4 76
2 54
4 178
4 19
4 86
3 84
4 193
3 114
4 182
4 147
3 129
3 29
3 131
3 85
2 4
3 184
4 114
4 93
3 262
4 76
4 204
4 69
4 230
3 77
3 75
4 137
3 57
3 180
4 106
3 229
3 164
4 190
3 147
3 245
3 92
3 114
2 5

caso 46:
2 219
3 23
4 234
3 109
4 270
3 132
4 155
3 90
4 20
3 134
2 189
4 251
4 251
4 4
4 26
3 24
3 59
4 236
4 12
3 106
3 28
3 62
4 100
3 138
3 159
3 161
3 9
3 43
4 97
3 62
4 0
3 145
4 63
4 266
2 80
4 32
3 65
3 85
4 142
3 16
2 51
3 164
3 132
3 36
3 51
4 43
4 297
4 55
4 204
3 237
4 260
3 211
4 241
4 91
4 0
2 36
3 111
4 169
4 217
2 131
2 151
4 82
3 37
3 172
2 18
2 116
4 228
4 84
4 62
3 54
4 266
3 179
4 99
3 142
3 136
4 61
4 230
4 62
3 31
3 151
2 198
3 45
2 101
4 23
2 136
3 23
3 13
4 73
4 245
4 86
4 27
4 29
4 201
3 9
4 272
3 22
2 70
4 190
3 182
4 174

caso 47:
4 81
4 224
3 0
2 4
3 35
1 64
4 216
4 159
2 37
3 193
4 67
4 218
4 54
4 216
1 110
4 0
4 44
4 49
3 12
4 82
4 205
3 29
1 21
2 29
4 164
3 69
4 100
3 115
4 194
3 114
3 28
3 170
3 151
3 89
4 268
4 130
3 59
4 151
2 127
3 55
4 16
4 228
3 212
4 245
4 106
3 0
4 258
3 208
4 223
4 16
4 45
3 210
4 217
3 187
3 197
4 222
2 38
3 100
4 104
2 181
3 211
2 155
3 204
3 81
4 161
2 75
2 29
4 136
4 70
4 33
3 178
2 71
4 215
4 168
3 167
3 112
4 0
3 77
4 108
3 191
4 117
4 24
3 10
3 159
4 87
3 87
3 128
3 39
4 166
3 257
4 146
4 288
4 52
3 128
2 108
3 38
3 236
4 70
4 87
2 47

caso 48:
3 164
3 173
4 131
2 153
4 48
3 117
3 214
3 181
3 15
3 45
4 283
3 103
4 246
3 116
2 57
2 38
4 309
4 254
4 213
4 4
3 51
2 67
3 266
2 107
3 122
4 117
3 230
3 201
3 164
3 77
4 51
3 59
3 4
4 88
3 115
4 152
4 218
3 64
3 129
2 159
3 40
3 143
4 212
1 60
3 200
4 24
4 16
3 92
4 289
4 77
3 31
3 20
4 102
4 154
4 204
3 88
3 40
3 32
3 30
2 69
3 76
3 27
4 74
4 173
3 176
4 254
4 206
2 106
3 48
4 255
2 151
3 166
4 183
3 93
2 121
3 8
4 77
2 80
4 8
3 99
4 135
3 111
4 147
4 212
3 163
3 47
4 140
3 25
3 18
3 270
4 101
3 191
4 127
3 135
3 64
4 118
2 106
2 43
3 70
3 43

caso 49:
4 96
2 107
3 142
4 122
4 119
2 108
4 60
3 83
4 13
4 264
3 176
3 88
2 36
2 138
4 202
4 159
3 207
3 43
3 127
4 69
2 148
4 176
2 86
3 106
2 99
3 25
4 222
3 164
3 0
3 48
3 132
4 264
4 98
2 5
4 199
3 176
3 135
3 139
3 167
4 43
2 141
3 88
3 111
3 115
4 113
3 154
4 95
3 176
3 173
3 155
3 12
2 69
3 126
4 177
4 45
4 136
4 171
3 59
3 30
4 113
4 37
4 141
2 60
3 72
3 22
2 131
2 69
4 43
3 60
2 114
4 227
3 0
2 6
2 70
3 209
3 97
3 119
3 85
4 92
4 173
4 151
3 0
3 85
2 165
3 122
2 54
4 263
3 158
2 2
2 32
4 242
3 118
4 213
4 226
3 106
4 150
4 23
3 9
3 120
2 5

caso 50:
3 35
4 246
3 3
3 49
2 150
4 259
3 169
3 4
3 31
4 132
3 64
2 28
2 111
3 196
3 140
4 110
4 275
4 224
3 132
4 164
3 110
4 23
4 217
2 83
3 151
3 97
4 132
3 148
3 189
3 209
4 79
4 197
2 177
2 4
4 171
3 88
3 176
4 237
3 129
3 2
4 267
2 78
4 58
3 140
3 230
2 123
2 48
3 0
3 3
2 25
3 76
3 90
3 20
4 207
4 141
4 240
2 92
2 213
2 42
3 63
3 91
3 58
4 169
3 122
4 45
3 79
2 72
4 37
4 248
3 57
1 104
4 274
2 127
4 87
3 85
3 155
3 89
4 150
3 116
4 0
3 245
4 94
2 47
3 193
3 188
4 48
4 246
4 10
3 178
2 49
3 245
3 197
3 209
3 87
3 162
2 121
3 62
4 48
3 1
3 154

caso 51:
3 86
3 163
3 5
2 91
3 1
3 72
3 147
3 108
4 99
1 18
3 48
4 263
2 4
3 44
3 115
4 17
3 150
3 200
2 62
3 194
2 42
4 115
3 3
3 38
4 14
3 74
3 174
1 115
4 108
3 116
3 138
4 180
3 217
2 118
3 114
3 168
3 114
3 60
2 41
2 55
4 145
2 172
2 104
2 235
3 119
4 73
3 28
3 21
3 167
2 9
4 198
2 5
4 9
3 135
4 204
4 251
3 114
2 43
4 104
2 151
2 52
2 0
4 96
3 53
3 235
3 15
4 253
4 47
3 142
3 36
4 84
4 238
2 144
3 33
3 51
3 195
4 184
4 109
3 94
2 128
4 188
3 177
3 187
2 127
4 121
3 214
4 288
4 77
4 254
4 200
4 265
3 72
3 81
2 198
4 225
4 239
1 71
4 11
4 84
2 0

caso 52:
4 158
3 51
4 138
2 189
4 0
3 14
3 125
3 185
4 253
3 140
2 160
4 271
3 147
4 189
3 112
4 173
4 203
3 193
3 25
3 89
3 96
3 94
3 184
3 190
4 127
2 29
3 3
4 98
4 102
4 76
4 37
3 43
3 70
2 4
4 11
3 184
2 49
3 155
3 99
3 60
4 77
4 186
3 23
4 266
3 52
3 125
4 9
3 107
3 203
4 70
3 191
3 148
4 38
4 238
3 134
3 81
3 259
4 223
3 147
3 24
4 95
4 175
3 255
1 52
4 227
3 175
3 208
3 84
4 214
3 116
3 175
2 121
4 244
4 239
4 266
3 114
3 220
4 62
4 131
3 242
3 62
3 147
4 61
4 127
2 128
3 62
3 61
4 219
3 146
3 53
2 49
3 22
3 147
3 121
3 212
3 71
2 143
3 179
4 184
3 154

caso 53:
3 45
2 135
3 206
4 218
4 193
4 8
3 166
2 137
3 59
3 28
3 95
3 120
3 53
3 86
2 123
4 53
3 31
3 158
4 14
4 142
3 127
3 35
4 192
3 168
3 134
3 19
3 61
4 126
3 190
4 0
4 30
3 247
4 177
4 274
4 155
4 71
3 179
3 195
3 97
3 140
3 9
4 182
3 73
4 138
4 115
4 52
2 81
3 177
2 122
3 189
3 121
3 180
3 110
3 106
3 196
1 47
4 293
3 101
3 92
4 204
4 28
2 123
4 227
3 27
4 70
3 182
4 178
3 175
4 252
3 80
3 170
3 80
4 224
2 120
3 132
3 209
4 156
3 164
3 101
3 132
2 26
3 32
4 36
4 166
4 84
4 8
4 52
1 47
3 68
3 22
2 2
4 174
4 197
4 60
3 209
3 66
4 24
4 275
3 75
3 117

caso 54:
3 6
4 143
3 181
3 210
3 209
3 13
2 103
2 157
4 112
3 29
2 20
2 37
3 157
3 3
3 107
3 84
3 214
2 92
3 63
3 57
3 40
3 43
4 87
2 72
2 85
2 33
2 109
4 189
3 136
3 81
3 109
3 78
3 200
4 74
2 0
3 161
3 203
2 8
3 154
3 137
3 49
2 182
4 179
3 145
4 85
2 53
3 151
3 131
3 202
3 48
2 63
4 175
4 154
2 38
2 81
3 174
4 184
2 13
3 48
4 107
3 78
3 82
2 2
2 108
4 112
3 111
4 159
4 212
2 109
3 8
3 35
3 9
3 51
3 48
4 255
4 193
3 32
3 26
3 5
2 86
2 97
3 159
4 226
4 117
3 156
2 147
4 226
3 175
4 52
2 130
4 74
3 203
3 68
2 67
2 144
3 76
4 164
3 157
2 107
4 191

caso 55:
3 77
3 176
4 279
2 125
4 232
4 231
2 14
3 85
3 78
3 40
4 188
3 229
3 212
3 116
2 7
2 99
3 30
4 52
3 143
4 148
3 15
2 26
3 50
3 44
2 164
3 86
4 190
3 183
1 56
3 66
2 7
3 197
3 17
1 34
4 171
3 33
2 131
4 54
3 119
4 255
3 144
3 146
2 134
4 102
3 68
4 125
3 67
4 200
4 36
2 98
3 58
4 32
3 124
3 72
3 104
3 179
2 20
3 163
3 214
4 240
2 114
2 56
2 45
3 26
4 8
4 213
2 99
3 45
3 83
2 102
4 96
4 73
3 115
4 206
3 11
4 44
4 166
4 195
3 128
4 201
4 32
4 109
4 21
4 59
3 225
3 153
3 87
2 39
4 260
4 136
3 86
2 137
4 43
3 91
3 111
4 51
2 160
3 134
4 198
3 148

caso 56:
4 35
3 78
3 115
2 8
2 145
3 113
3 197
4 12
4 16
2 42
4 156
3 160
4 285
3 118
3 181
2 77
4 193
1 46
2 115
4 58
3 94
3 226
3 165
2 129
2 130
4 31
3 19
3 18
3 107
2 148
3 192
2 122
3 15
3 74
3 167
3 57
3 100
4 113
3 167
3 254
2 230
4 187
3 183
3 107
2 170
3 12
2 121
3 206
1 69
4 84
3 154
4 130
3 152
2 34
3 57
4 313
3 178
4 212
4 4
2 121
4 294
4 174
4 123
4 187
4 140
4 13
4 16
4 253
4 46
4 50
3 209
2 80
2 220
3 142
3 10
4 219
3 51
4 139
4 82
3 102
3 231
4 95
3 89
2 22
4 50
4 0
3 230
2 125
4 120
3 72
3 150
3 208
3 13
2 135
1 72
3 119
3 52
2 155
3 122
3 136

caso 57:
4 129
3 98
3 30
4 78
4 231
3 156
3 0
4 87
2 76
3 136
3 13
4 261
3 173
2 10
3 148
4 168
3 95
3 195
3 32
3 244
4 252
4 124
4 153
2 53
3 101
3 55
3 149
2 62
4 75
4 212
3 140
3 23
3 48
1 83
3 227
4 275
3 6
3 138
4 154
4 43
4 46
4 187
3 144
3 53
3 91
3 4
3 213
3 207
3 169
3 124
4 188
2 28
4 135
4 173
4 18
4 140
3 138
4 163
3 52
2 78
4 159
3 157
2 31
3 20
3 22
2 144
4 293
4 248
3 11
3 223
3 147
4 118
3 172
3 88
4 31
4 216
2 31
4 243
3 239
3 217
4 199
4 78
4 24
3 67
4 6
3 52
3 11
4 142
4 141
4 108
2 193
2 135
3 179
4 258
4 88
3 182
4 142
3 70
3 122
4 120

caso 58:
2 88
4 263
3 122
4 93
1 26
4 272
3 254
2 182
2 143
4 114
3 229
4 220
4 135
4 71
3 249
3 117
5 196
2 116
2 163
2 87
3 169
2 46
2 96
3 122
2 106
4 289
2 167
2 218
3 227
2 107
2 15
4 233
4 297
2 47
2 46
3 29
3 208
3 258
3 128
3 247
3 136
5 71
4 188
3 199
4 60
3 207
4 41
4 28
3 94
4 250
3 249
4 187
3 289
3 105
3 91
3 92
4 146
3 32
4 232
4 103
4 4
4 327
3 54
3 116
4 247
3 114
3 224
4 231
4 70
3 187
4 291
3 176
4 213
3 101
3 72
4 37
4 152
4 78
3 214
4 193
3 66
3 157
3 195
2 109
4 217
3 34
2 37
3 59
2 129
4 211
4 141
3 113
3 199
4 68
4 78
4 330
3 191
3 234
4 104
4 280

caso 59:
3 84
4 9
3 36
3 177
3 219
2 125
4 174
2 76
4 212
2 38
2 85
4 255
2 0
2 132
3 7
2 93
2 136
2 67
3 131
3 125
3 129
2 107
4 162
2 47
3 4
2 151
2 165
4 221
3 219
2 4
4 154
2 93
4 280
3 145
2 126
3 139
3 62
1 22
3 8
4 38
3 189
3 219
2 149
2 198
4 184
2 213
3 71
3 48
3 22
4 67
4 16
4 135
4 145
3 166
2 20
4 65
2 63
3 141
1 58
1 123
3 169
3 95
2 130
3 150
3 174
4 172
4 54
3 72
3 214
4 147
3 108
2 20
2 139
4 262
3 106
3 91
3 204
3 33
3 31
4 242
3 150
2 86
3 92
4 76
3 271
2 19
3 186
4 47
3 26
3 0
3 145
4 245
3 17
3 48
3 7
4 150
3 22
2 149
3 9
2 36

caso 60:
3 130
4 138
2 21
4 102
4 64
2 85
3 173
3 148
4 191
4 80
4 257
4 64
3 78
3 170
4 102
3 211
4 137
3 53
4 8
1 6
4 134
4 4
4 40
3 56
3 20
4 211
3 126
4 214
3 106
3 41
4 184
3 198
4 53
4 0
4 166
4 26
4 75
3 93
4 56
2 107
3 181
3 126
3 20
4 57
4 247
3 154
3 12
3 172
4 39
3 98
2 20
3 136
2 123
2 71
3 196
4 157
3 198
4 236
3 190
2 151
4 101
2 18
4 125
3 114
3 119
4 21
4 84
4 107
4 275
3 94
3 161
4 215
1 56
3 122
2 80
3 113
4 189
4 29
3 134
2 163
3 151
2 185
3 185
3 11
4 251
3 164
4 127
3 86
3 140
2 106
3 212
4 225
4 71
4 60
3 167
3 186
4 109
2 102
2 56
3 243

caso 61:
4 263
2 59
2 193
4 166
2 76
4 102
2 77
4 64
3 177
2 6
2 37
4 169
4 30
3 208
3 75
3 177
4 0
4 144
3 103
3 12
4 167
3 204
3 171
3 143
3 21
4 225
4 103
4 14
3 10
2 36
3 71
4 122
3 198
4 195
4 93
4 109
2 113
4 101
2 32
4 205
3 44
3 69
4 19
4 39
3 200
3 215
3 186
4 259
2 188
4 7
3 114
4 266
3 24
2 54
4 281
3 35
3 83
3 174
2 92
4 158
4 92
4 69
3 88
4 14
4 59
4 57
4 111
3 137
4 210
2 78
2 116
4 33
2 8
4 159
4 149
4 237
3 100
3 195
2 118
4 116
3 182
3 69
4 173
4 100
4 42
2 139
4 5
4 256
2 183
4 107
4 4
4 207
4 1
3 88
4 175
4 222
4 290
3 75
3 81
3 78

caso 62:
3 3
2 74
2 70
4 38
3 130
3 80
3 168
4 6
3 3
2 55
4 273
3 22
2 69
2 38
3 13
3 34
3 198
4 243
4 187
3 29
3 204
1 63
1 60
4 203
4 258
4 251
4 129
3 48
4 132
3 3
3 95
3 168
2 132
4 142
4 62
3 226
3 16
3 153
4 185
3 3
3 61
3 116
3 104
3 119
4 269
4 190
3 9
3 208
3 190
3 125
4 208
3 175
3 72
3 164
3 41
3 160
4 171
3 112
3 211
3 9
3 130
3 22
4 240
4 5
3 261
3 159
2 115
4 20
2 116
4 248
4 103
3 137
4 138
4 48
4 119
4 230
3 131
3 167
3 68
3 64
4 238
3 135
4 221
4 196
3 94
3 88
2 37
4 145
3 69
4 199
4 167
2 91
4 236
2 100
3 27
4 190
3 124
3 33
3 159
4 235

caso 63:
4 232
4 210
3 197
4 42
3 208
3 55
3 136
3 73
3 168
4 93
2 67
3 39
4 92
4 9
3 93
3 170
3 151
4 42
4 102
3 195
4 38
4 253
3 34
2 83
4 201
4 102
3 81
4 281
3 63
3 156
2 43
4 270
3 138
3 38
3 113
3 224
2 5
3 23
3 259
3 31
3 39
3 16
4 25
3 249
4 4
3 101
4 4
4 140
3 85
3 55
4 37
3 169
2 88
2 104
4 73
3 185
3 177
3 134
3 123
2 69
4 229
3 164
3 139
4 271
3 19
3 74
3 161
3 111
4 103
3 23
3 37
2 47
3 43
2 138
3 38
3 158
2 181
2 15
3 46
3 143
3 81
2 17
3 218
4 21
4 104
3 169
4 69
4 36
3 46
4 273
4 65
4 239
4 177
4 252
4 107
4 263
4 25
4 100
3 61
3 171

caso 64:
4 311
3 219
4 177
2 26
3 110
3 57
2 23
3 10
2 44
4 154
3 187
3 61
3 174
3 29
2 84
3 68
3 62
3 6
2 172
4 213
2 2
3 66
4 125
3 38
3 19
3 151
4 235
3 74
2 150
3 183
3 206
1 106
4 252
4 198
3 86
3 74
4 59
3 7
3 155
3 81
3 111
4 249
3 85
4 238
3 20
2 126
3 109
4 165
2 26
3 213
3 143
3 39
2 72
3 21
3 90
2 35
3 172
1 50
3 22
4 140
3 159
4 100
4 48
2 62
4 88
2 93
3 106
3 218
2 202
3 189
4 92
1 55
4 261
2 60
3 95
4 143
3 168
3 46
3 23
4 88
4 202
4 214
3 198
3 129
2 5
3 16
4 65
3 218
3 96
2 115
3 226
3 153
3 190
2 60
3 109
2 96
3 155
4 158
3 187
4 181

caso 65:
4 223
3 52
3 234
3 147
2 50
3 93
2 98
2 73
2 140
3 170
4 258
3 153
4 201
3 268
4 221
2 184
4 117
3 130
3 12
4 66
2 141
3 193
3 72
4 0
3 125
3 112
2 83
3 43
4 36
3 270
4 163
2 69
3 99
3 134
3 129
2 60
4 211
2 58
4 50
2 22
2 124
3 247
3 40
3 57
3 130
3 95
3 74
3 78
3 30
4 92
2 70
3 21
4 101
2 68
3 26
3 121
4 221
3 212
3 173
4 93
4 165
3 8
3 51
2 74
2 3
4 152
4 181
3 83
3 111
3 216
3 71
2 137
2 94
2 2
2 85
4 178
2 14
4 10
3 204
3 59
4 282
3 68
3 171
3 79
4 244
3 175
1 38
3 100
2 9
2 32
2 87
3 8
3 128
3 40
3 84
4 83
3 171
3 200
4 116
4 65

caso 66:
3 78
4 134
3 106
2 16
3 205
4 92
3 172
4 234
3 31
2 103
2 41
3 120
4 240
2 134
3 95
4 170
3 223
3 194
1 22
3 10
2 29
2 107
2 92
3 60
4 130
4 17
4 266
3 80
3 139
4 48
4 171
3 65
3 45
4 275
3 44
4 238
2 115
4 270
3 3
4 243
4 104
2 164
3 98
2 39
3 125
2 134
4 234
3 132
3 95
4 272
3 59
3 62
4 30
4 81
4 174
2 189
2 131
2 45
4 108
2 37
2 195
3 4
4 239
3 68
3 110
3 183
3 167
4 254
3 21
3 57
3 122
3 203
2 83
3 109
3 225
3 35
4 37
4 71
3 168
3 123
4 165
3 106
4 119
4 220
3 95
3 79
3 19
4 93
3 156
3 142
4 73
4 71
4 8
3 149
3 20
3 9
2 41
3 121
3 136
4 275

caso 67:
4 146
4 203
3 138
3 127
4 302
3 246
4 8
2 107
3 29
4 130
4 19
4 140
4 24
2 131
3 88
4 12
4 185
3 100
2 8
5 64
3 68
4 11
3 13
4 120
3 141
2 141
4 111
4 20
3 170
2 14
4 258
4 66
3 33
3 66
3 198
3 126
3 97
4 272
3 254
3 65
2 164
3 242
4 104
3 37
4 28
4 296
3 189
3 3
3 131
4 2
4 64
3 55
4 3
3 154
2 30
4 296
3 233
4 119
3 142
4 236
3 147
4 177
4 121
4 209
3 63
4 215
3 133
3 74
4 207
4 165
4 164
3 237
3 220
5 365
2 186
4 178
5 364
3 176
3 41
3 201
4 32
2 72
3 200
2 123
2 117
3 150
4 144
4 265
4 283
3 108
3 103
3 55
3 135
4 279
3 241
4 101
3 117
4 186
4 41
4 293

caso 68:
4 35
4 98
3 75
3 90
4 262
3 84
4 134
4 13
3 111
3 195
4 127
4 68
2 132
4 182
2 107
3 93
1 49
3 83
2 47
3 174
3 62
4 49
3 146
2 106
4 120
4 214
2 5
4 186
3 190
4 70
3 182
4 251
3 22
4 30
2 63
4 156
2 91
3 101
3 208
3 182
3 136
2 152
4 63
3 18
3 58
4 89
3 178
3 140
2 1
4 243
4 178
3 223
3 37
3 214
4 120
4 53
4 2
4 261
2 106
2 117
2 158
3 48
4 70
3 52
3 199
3 200
3 60
3 136
4 200
3 14
2 22
3 93
4 0
1 48
4 8
3 227
3 208
4 211
2 191
3 148
3 223
2 43
4 242
4 180
4 115
3 26
4 200
4 236
2 52
3 137
3 198
3 142
4 215
3 20
3 61
2 4
2 69
3 190
3 61
2 0

caso 69:
3 152
4 42
4 149
3 11
3 222
4 14
2 28
3 67
2 44
2 128
4 163
4 8
4 14
2 0
4 195
3 78
4 278
3 82
3 18
4 81
3 68
4 46
3 118
4 180
3 119
4 145
4 199
4 101
2 86
4 160
4 65
3 82
4 41
4 154
2 1
2 70
3 180
3 91
3 167
3 137
4 46
2 87
2 91
3 179
4 34
3 96
4 49
4 29
1 28
3 43
2 121
3 208
3 215
4 28
4 108
3 31
3 75
3 234
3 135
3 8
3 168
4 55
4 159
3 34
3 41
4 183
4 44
4 96
4 152
4 149
3 163
2 79
3 33
4 75
4 127
4 267
4 12
4 0
4 53
3 73
3 244
2 94
2 94
3 65
4 28
4 47
4 188
4 51
4 194
4 203
4 104
4 185
4 95
3 137
3 12
4 261
4 8
3 158
3 137
3 178

caso 70:
3 106
4 253
2 70
3 164
2 224
4 252
3 69
3 115
3 175
4 233
4 170
4 78
3 142
3 74
3 199
3 197
3 149
4 50
3 161
3 165
3 125
2 186
3 171
4 104
4 147
3 156
4 284
4 68
3 182
4 103
4 219
3 119
4 39
3 57
2 54
4 30
3 139
3 98
3 1
4 285
3 37
3 186
3 89
3 68
2 57
4 98
2 78
2 14
3 98
4 186
2 224
2 133
3 122
3 96
4 47
3 3
1 82
3 183
4 106
4 170
3 57
3 118
3 248
4 52
3 167
3 34
3 111
2 100
3 39
4 93
3 49
2 74
3 51
2 126
4 305
4 56
4 38
4 279
3 197
4 214
4 64
4 26
3 203
3 152
3 6
4 40
2 33
2 51
4 154
4 250
4 179
2 97
4 117
4 116
3 185
2 87
3 187
3 109
3 185
3 212

caso 71:
1 73
4 26
4 161
2 60
3 47
3 209
2 106
3 180
3 173
2 131
4 191
4 28
4 304
3 50
4 65
2 102
4 116
3 63
3 210
2 110
4 272
2 176
4 128
4 127
3 109
4 60
4 89
4 222
2 10
4 263
3 64
4 11
3 193
4 192
3 47
2 192
4 8
2 24
3 217
2 223
4 174
3 174
3 151
3 78
4 91
4 192
4 156
3 6
3 82
4 173
3 23
3 215
3 19
3 214
4 42
3 180
4 181
4 169
4 96
4 64
4 87
2 3
3 127
3 70
3 18
3 29
4 17
3 178
4 88
3 19
3 189
4 156
3 227
2 103
3 37
3 249
3 20
2 87
3 35
4 26
4 298
3 129
4 293
3 138
4 225
4 289
2 159
4 4
2 43
3 117
4 232
4 132
2 145
3 136
4 90
3 169
4 300
4 96
2 13
3 166

caso 72:
4 153
4 4
3 60
3 201
2 34
3 38
3 174
4 19
3 90
4 176
4 283
3 27
3 144
3 85
3 91
3 40
3 166
4 212
4 42
4 112
3 71
3 195
3 18
4 8
3 148
3 91
3 192
3 142
4 261
4 232
4 179
2 32
2 92
4 61
3 82
3 206
4 39
2 0
4 48
3 143
3 175
3 90
4 211
4 260
3 130
2 7
1 18
3 137
3 27
2 116
3 50
3 100
2 59
2 41
3 154
3 38
3 7
1 95
4 22
3 250
3 196
3 30
2 96
3 115
3 25
4 219
3 109
4 210
3 204
2 154
3 102
1 14
3 117
3 156
3 198
3 138
3 190
3 196
4 46
3 53
3 226
3 132
3 143
2 78
3 4
4 170
2 16
3 115
4 269
2 71
2 87
4 271
4 140
3 120
3 140
4 143
4 56
1 49
2 129
3 0

caso 73:
4 102
4 97
2 73
2 10
3 14
4 217
4 166
4 181
4 57
2 62
3 85
4 109
3 168
4 8
1 50
2 16
3 55
4 198
3 153
3 104
4 195
4 149
2 38
4 213
3 84
4 159
4 211
3 98
4 224
3 102
3 158
4 127
3 120
4 181
3 198
4 154
3 177
3 137
3 122
4 22
4 32
3 64
2 127
3 89
4 269
4 106
3 13
4 264
4 305
4 70
4 17
4 134
3 219
3 122
4 130
4 89
3 135
4 285
3 32
3 129
3 107
3 56
4 217
4 132
4 24
4 64
4 170
4 263
3 229
3 164
4 207
3 42
4 251
2 142
2 96
3 235
3 81
4 174
3 9
4 226
1 29
2 187
3 171
3 84
3 153
3 151
3 245
2 91
4 234
4 163
3 119
4 203
3 177
3 93
3 59
4 57
4 223
4 180
4 85
4 169

caso 74:
3 72
4 20
3 63
2 17
4 59
3 93
4 63
4 280
4 27
4 206
4 182
3 143
2 89
3 203
3 67
3 31
4 63
3 69
3 68
3 11
4 236
3 28
4 293
4 78
4 110
4 212
2 69
3 255
4 0
4 218
4 256
4 124
4 188
4 99
4 0
3 24
3 255
4 290
2 70
3 222
3 63
2 148
4 247
3 62
3 234
4 211
2 70
4 170
3 24
4 12
3 72
3 97
4 266
4 92
3 142
3 149
3 145
3 45
3 90
3 180
3 153
4 167
4 241
3 66
3 110
3 119
4 275
4 119
4 172
3 115
3 143
4 195
4 116
4 158
4 164
3 24
4 215
4 221
2 45
4 84
4 237
2 84
2 111
4 118
4 88
3 69
3 75
2 63
2 20
4 288
4 117
2 126
4 191
2 65
4 190
3 183
4 104
4 96
2 134
3 131

caso 75:
3 150
3 4
3 168
3 79
4 42
2 90
4 8
2 113
2 82
4 100
3 103
4 108
3 184
3 213
4 278
4 207
3 207
4 266
3 41
3 208
3 84
4 155
4 47
4 221
2 29
3 1
2 61
2 139
4 193
4 149
3 42
4 309
3 46
3 5
3 43
3 18
4 187
4 135
2 93
3 198
2 73
3 198
3 236
4 211
3 161
2 129
3 153
4 240
4 170
4 142
3 190
4 200
4 233
3 15
4 229
4 251
3 81
4 103
4 145
3 46
3 115
3 160
4 187
3 105
4 44
4 95
3 143
3 173
3 178
3 218
4 125
3 210
3 114
3 148
4 66
4 59
3 56
2 162
3 221
4 143
3 58
3 32
4 156
1 68
4 171
2 42
2 18
4 42
4 178
2 11
2 76
3 99
3 126
4 50
4 196
4 40
3 65
2 15
3 78
4 38

caso 76:
3 65
2 45
3 123
4 150
4 302
3 185
3 150
4 171
3 194
3 74
3 161
3 204
3 82
4 227
4 111
4 88
3 168
3 55
4 41
4 233
4 4
4 268
3 56
4 72
4 94
4 252
4 67
4 205
4 127
4 142
3 123
3 202
4 214
3 83
2 149
3 114
3 179
4 38
4 159
3 106
3 201
3 174
3 52
3 118
2 16
4 107
4 80
4 82
2 17
4 23
3 38
3 98
4 136
4 0
3 57
4 233
3 127
2 74
3 123
4 227
3 136
3 184
3 13
2 128
4 79
4 156
4 67
3 156
4 240
3 83
3 15
3 215
3 26
3 82
4 180
3 203
2 58
4 137
4 207
3 128
3 220
2 167
3 262
3 247
4 257
3 230
3 13
3 20
3 111
3 40
4 243
3 180
4 124
3 61
2 124
4 164
4 157
3 18
2 123
3 15

caso 77:
2 19
2 141
4 62
4 83
3 190
3 131
4 58
3 92
3 197
2 61
3 206
4 235
4 72
3 65
2 72
2 5
4 92
4 96
3 110
4 106
3 174
3 35
3 54
2 74
4 60
3 113
4 264
3 170
3 96
3 31
3 195
3 77
4 208
4 92
3 35
2 64
3 126
3 183
3 38
3 13
3 149
3 44
2 145
3 113
3 198
2 31
3 87
3 154
3 256
4 263
3 102
3 33
4 73
3 115
4 239
3 0
3 50
2 125
4 167
3 206
3 96
2 33
3 118
3 180
4 79
4 82
4 219
4 39
4 10
4 153
4 175
3 125
3 47
3 176
4 192
3 62
4 102
1 54
3 61
3 144
3 145
2 44
3 149
4 243
3 181
3 135
4 78
4 0
2 34
4 0
4 0
3 102
4 64
2 32
3 167
4 179
3 139
4 244
2 99
3 43

caso 78:
3 11
2 140
3 8
2 132
3 103
2 106
3 76
2 127
2 128
3 52
3 36
4 165
3 240
3 218
2 11
4 120
4 32
4 205
2 119
4 218
1 7
3 189
3 144
2 16
2 126
4 8
2 70
2 70
4 96
4 213
3 235
4 163
4 200
2 20
4 153
3 136
2 75
3 113
3 57
3 75
4 166
4 180
3 74
4 98
2 17
3 213
4 53
2 70
1 7
3 22
3 260
3 254
3 22
3 24
3 149
2 126
4 65
3 113
2 162
1 52
4 239
3 141
4 26
4 247
3 67
4 276
2 55
2 76
2 6
3 208
4 62
3 186
3 145
3 9
3 81
3 79
2 58
2 76
2 164
2 134
2 164
2 161
1 58
3 272
3 101
2 126
2 200
2 36
4 32
2 153
3 1
3 104
3 180
3 109
4 27
2 65
2 38
2 14
3 22
4 243

caso 79:
3 50
4 240
3 167
3 267
2 32
2 173
3 196
2 34
4 26
3 176
3 198
2 33
4 64
4 134
3 75
3 166
4 12
3 56
4 148
2 166
4 0
3 210
3 164
3 269
2 50
3 162
2 0
2 142
2 112
3 114
2 182
3 79
3 38
4 206
3 24
4 40
3 155
3 154
4 53
3 160
3 122
3 15
4 230
4 89
2 146
3 0
3 10
3 223
3 172
4 82
2 160
4 186
4 76
2 43
3 226
2 121
3 213
3 204
3 263
4 104
2 5
4 161
3 184
2 52
3 90
2 91
3 9
3 178
3 106
4 281
4 214
2 110
4 66
4 34
3 52
2 2
3 173
3 190
3 227
2 38
4 120
1 0
3 134
4 137
4 56
3 106
4 77
2 49
3 69
4 69
4 200
4 279
4 273
3 244
3 77
3 46
3 76
1 9
4 35
3 133

caso 80:
3 156
3 182
4 91
3 71
3 57
4 245
3 72
3 12
4 274
4 58
3 191
4 105
4 72
2 61
3 152
3 44
3 5
3 12
4 172
4 121
4 32
4 209
3 199
3 15
3 6
3 128
3 216
3 41
3 247
3 63
2 44
3 92
2 42
3 179
2 4
2 106
4 91
2 4
3 55
4 25
3 151
2 29
4 109
3 58
3 16
4 129
4 25
3 119
3 27
3 118
2 124
3 137
3 83
3 128
4 218
3 30
3 175
4 50
4 106
4 144
3 144
3 148
4 139
4 101
2 69
3 198
3 185
3 0
3 13
4 34
4 152
3 171
2 95
3 165
3 197
3 176
4 238
2 44
2 61
4 222
4 64
3 183
3 112
4 221
4 120
3 0
3 196
3 20
3 169
4 60
3 167
2 78
4 69
4 26
3 223
3 180
4 73
3 209
3 63
2 72

caso 81:
2 35
2 82
4 204
3 63
3 79
2 117
3 111
1 66
3 82
4 115
4 221
4 251
3 252
4 12
3 112
4 188
3 158
3 176
3 61
3 180
3 3
3 47
3 67
3 12
3 186
3 110
4 13
3 42
3 53
3 205
3 164
4 78
2 166
4 181
2 63
4 125
3 94
3 0
4 192
4 190
3 11
2 128
3 115
3 143
3 123
4 144
3 40
3 86
3 178
2 164
2 132
4 129
3 144
1 35
2 196
3 104
3 156
2 170
2 56
3 148
4 48
3 179
3 140
4 139
2 54
2 55
3 177
4 16
3 153
3 74
3 242
3 118
3 154
2 73
3 73
4 112
4 205
2 40
1 24
3 162
3 122
3 87
3 219
3 233
2 248
4 162
4 60
3 149
3 18
3 142
2 39
4 214
4 212
3 94
3 93
2 106
3 64
3 0
3 136
4 29

caso 82:
4 54
3 14
3 14
2 136
2 70
3 210
4 4
4 3
4 256
2 74
4 231
3 166
4 217
2 2
4 64
2 199
3 231
4 201
2 134
3 39
2 99
3 215
2 35
3 125
4 30
4 67
2 115
3 81
3 47
4 257
4 135
4 166
3 77
4 31
2 140
3 0
4 34
2 56
4 62
1 80
2 45
4 157
3 71
4 244
2 0
4 218
2 112
2 124
2 157
3 153
4 259
3 167
2 140
3 112
4 25
4 166
3 206
4 91
3 192
3 38
4 200
4 243
3 96
4 288
4 228
2 85
2 110
4 199
4 47
4 285
3 131
4 25
4 118
2 118
2 134
4 33
3 217
3 31
2 83
3 184
4 4
4 235
4 22
3 137
4 0
3 73
3 145
1 84
4 188
3 175
3 3
3 5
3 94
3 190
4 199
2 117
2 184
3 49
4 53
2 166

caso 83:
4 230
3 185
3 110
4 269
4 264
3 164
3 125
3 170
2 76
3 161
4 23
3 69
4 112
3 147
3 224
4 221
4 141
3 131
2 18
4 37
3 133
3 284
4 262
3 72
3 232
4 157
4 259
3 108
4 262
2 105
3 198
4 218
3 167
4 222
4 209
3 20
4 0
4 55
3 134
4 231
4 67
4 68
3 133
4 254
3 6
3 88
2 62
4 108
4 117
4 255
3 110
3 172
4 255
3 87
2 21
4 190
4 103
4 271
4 102
4 64
3 112
4 153
4 124
3 88
4 175
3 33
3 147
4 44
4 217
3 146
2 44
4 315
4 270
2 203
3 87
3 195
1 25
3 26
3 59
2 125
4 29
4 243
3 119
4 281
2 109
2 188
1 7
2 73
4 47
3 201
2 93
3 222
3 89
3 106
2 24
4 4
3 180
3 140
4 67
4 183

caso 84:
3 137
3 180
3 8
4 292
4 177
3 0
4 204
3 24
4 61
4 133
4 179
3 77
3 26
2 14
3 53
1 32
3 116
3 111
4 120
3 12
4 95
1 39
2 82
4 78
4 203
4 154
3 106
4 140
4 21
3 245
4 184
3 93
3 61
3 115
4 173
3 138
3 98
4 138
3 91
4 218
2 151
2 88
4 180
4 121
3 153
3 10
2 130
4 1
3 13
3 208
3 54
4 42
3 199
2 139
2 22
4 261
4 205
3 127
2 203
4 165
4 89
4 90
3 113
4 216
4 104
3 182
3 150
4 55
3 18
2 107
4 202
3 55
2 83
4 119
1 38
2 78
4 174
3 79
3 87
4 289
3 216
2 18
3 125
3 196
4 260
3 15
4 160
4 180
4 162
4 19
4 223
3 15
3 169
2 160
3 100
3 113
3 154
4 205
2 44
3 95

caso 85:
3 10
3 239
2 135
3 77
4 129
3 73
2 50
4 232
2 37
4 180
4 176
3 40
3 70
3 78
2 11
3 106
3 146
3 36
4 31
4 238
3 169
3 187
4 44
2 115
4 241
3 23
4 105
3 20
4 272
2 28
3 23
4 222
4 176
4 167
3 21
2 117
3 142
4 209
3 131
3 147
3 108
3 133
3 21
3 106
3 109
2 81
3 141
2 62
3 111
4 160
4 257
4 74
4 238
2 86
2 142
2 19
3 30
4 97
4 29
4 189
4 107
3 203
3 28
3 62
4 254
4 157
4 187
2 49
4 30
2 14
3 190
3 23
3 10
4 79
4 123
4 99
3 6
4 178
2 138
4 108
3 12
2 5
3 147
3 147
3 132
4 220
3 10
4 43
4 53
3 142
3 67
4 64
3 69
3 201
2 118
4 193
2 3
4 166
2 187
3 126

caso 86:
3 140
3 152
4 219
3 151
2 176
4 206
3 101
4 289
3 208
4 189
4 262
3 212
4 8
3 23
4 203
4 63
4 208
3 164
3 195
4 26
4 223
1 14
3 118
2 74
4 287
3 11
4 60
4 251
4 162
5 69
3 66
2 67
2 61
3 139
2 152
3 146
4 136
4 118
4 141
4 130
3 51
4 217
4 191
4 281
4 199
4 156
4 117
4 57
3 265
4 179
4 242
4 27
3 104
4 135
4 7
4 137
3 135
4 283
3 220
4 71
4 225
3 9
3 127
5 69
4 123
4 203
4 251
4 118
2 186
4 48
4 173
3 128
2 129
4 95
4 29
2 43
5 166
4 100
4 99
3 30
3 212
4 199
4 253
4 235
4 139
4 133
3 209
4 221
3 172
3 176
4 165
2 49
4 220
4 158
4 160
3 77
4 68
3 145
3 76
3 206

caso 87:
4 156
3 103
3 115
4 201
2 33
4 150
4 210
4 82
3 159
3 125
4 115
3 40
4 111
4 292
4 263
3 27
4 207
4 152
3 17
4 12
3 65
4 4
4 83
3 148
4 281
3 53
4 48
4 240
3 22
4 53
4 149
4 184
3 125
2 134
3 185
2 31
4 46
4 264
3 182
3 76
4 182
3 173
2 48
3 151
3 25
3 61
4 147
2 10
4 188
3 91
4 104
3 36
3 187
2 128
4 9
4 125
4 131
2 80
2 50
3 155
2 102
4 71
4 224
4 163
2 133
2 93
4 89
4 13
4 142
4 84
4 231
3 84
4 139
4 129
3 91
4 255
3 100
4 195
3 51
4 218
1 47
4 81
3 79
2 88
4 103
4 28
3 108
4 52
2 107
4 241
3 84
2 170
3 37
3 70
4 17
3 7
3 225
4 91
1 49
4 9

caso 88:
4 211
4 221
4 182
4 125
4 116
3 234
1 54
3 143
4 77
4 4
4 154
4 284
3 196
3 40
3 217
2 118
3 67
3 25
3 168
3 149
1 78
2 2
3 219
3 18
4 90
2 151
4 263
2 11
3 102
3 16
4 170
3 85
3 85
4 216
4 239
3 105
3 1
3 10
3 20
3 178
4 153
3 23
2 9
4 273
2 247
3 149
3 88
4 262
3 189
3 198
3 161
4 246
3 180
4 231
3 46
3 90
3 131
3 86
3 233
2 41
3 188
2 127
3 194
4 36
3 50
3 58
3 159
3 41
3 49
3 228
4 230
4 51
3 190
4 32
4 147
3 32
3 200
3 107
4 268
4 73
4 198
3 200
3 137
4 215
4 231
4 192
3 159
2 93
3 168
4 197
4 22
1 33
2 61
2 128
4 29
3 114
3 246
3 77
3 218
3 243

caso 89:
4 175
4 153
3 62
4 127
2 0
4 134
2 155
4 69
4 98
4 272
3 29
4 205
3 102
4 214
3 77
4 218
4 28
4 229
4 257
4 183
4 62
4 171
4 178
3 10
4 144
4 33
3 128
2 79
4 267
3 87
4 279
4 56
3 167
4 280
4 62
3 190
4 117
3 30
4 139
3 115
4 154
4 95
3 103
4 228
2 126
4 156
4 143
3 158
3 76
2 150
4 86
3 61
3 97
1 61
4 265
4 104
4 261
4 260
4 155
3 204
3 133
4 184
4 72
3 178
3 220
3 31
3 87
4 279
4 258
3 146
2 111
4 101
4 247
2 146
4 56
3 165
4 119
4 146
4 197
4 172
4 84
4 131
4 0
3 203
3 226
2 31
4 180
3 63
3 5
3 134
4 255
4 245
4 240
3 140
3 25
4 192
3 6
4 163
4 207
3 93

caso 90:
3 164
4 98
3 194
4 93
3 137
4 171
3 93
2 90
4 126
4 94
4 44
3 125
3 10
4 162
3 213
2 78
3 98
3 16
2 30
4 25
3 43
4 143
2 75
3 162
4 133
4 17
4 211
3 104
2 133
3 81
4 254
4 62
2 29
3 155
4 64
3 48
3 37
3 89
4 164
4 188
4 84
4 144
2 2
3 108
3 157
3 194
2 51
3 77
3 162
4 5
3 123
4 153
3 190
3 127
4 39
4 24
3 30
4 162
4 24
3 15
3 101
4 261
2 154
3 135
4 271
2 123
4 252
4 95
4 161
3 32
2 143
4 214
4 65
4 260
3 97
4 144
3 8
4 46
3 112
3 15
4 174
4 48
3 123
4 16
3 122
4 65
3 56
3 179
3 223
4 109
3 52
3 169
4 121
2 153
4 149
2 166
3 62
3 190
4 218
3 239

caso 91:
3 165
4 249
3 133
3 4
4 82
4 281
3 160
4 17
3 41
4 231
4 72
4 259
3 170
4 79
3 208
3 103
4 107
2 168
4 11
3 54
4 224
3 48
3 82
4 225
4 264
2 122
2 72
4 217
4 221
3 218
3 16
2 26
3 132
2 76
2 109
4 158
3 14
4 287
4 231
3 90
2 124
4 66
4 219
3 127
3 97
3 90
3 143
3 71
2 210
2 97
2 237
3 157
4 125
3 95
3 176
3 13
4 262
3 168
2 98
3 143
3 243
4 87
1 69
2 174
3 151
4 207
3 49
3 191
3 180
4 102
4 167
3 179
3 0
4 74
3 107
3 23
2 102
3 147
3 102
3 74
4 49
3 84
3 39
4 42
1 25
3 195
4 145
4 92
3 92
3 207
4 300
2 182
4 0
2 140
4 163
3 93
2 127
4 251
4 224
4 190

caso 92:
4 281
3 157
4 237
3 16
3 87
4 164
2 37
4 184
3 132
2 61
4 122
3 261
4 138
3 88
3 95
4 263
3 226
4 118
4 112
4 266
4 253
4 81
2 36
4 282
3 83
2 143
4 179
3 251
3 170
4 187
3 94
3 88
3 75
4 27
3 181
4 176
4 157
3 148
3 138
3 199
3 208
3 184
3 141
2 116
4 87
4 18
4 86
3 171
2 185
2 19
3 121
3 115
2 6
2 3
3 13
3 55
4 148
2 0
4 52
4 71
3 193
3 146
3 54
4 117
2 102
4 25
3 174
4 252
4 190
3 0
4 270
4 230
3 57
2 14
4 111
3 81
3 221
1 1
3 6
3 162
3 45
3 83
3 69
4 114
4 141
4 252
3 111
3 136
3 244
2 98
2 201
3 193
4 71
2 49
3 209
3 20
3 32
3 93
3 168
3 28

caso 93:
3 134
3 63
4 80
4 279
4 115
4 270
3 44
4 215
4 108
3 42
3 79
3 165
3 137
2 20
3 70
3 213
4 199
4 272
3 1
3 112
3 29
2 34
4 129
3 87
3 34
4 145
4 81
4 101
2 48
3 71
3 170
4 100
4 194
4 232
3 50
4 13
3 116
3 116
3 8
3 233
4 82
3 196
4 118
3 30
4 43
3 159
3 231
4 110
2 29
2 122
3 68
3 73
3 70
4 228
4 209
2 156
4 161
2 56
3 111
4 182
3 118
3 265
3 15
3 96
4 278
4 188
3 41
4 209
3 233
2 14
3 192
3 106
3 57
4 126
4 280
3 79
4 271
3 145
2 3
3 162
2 150
4 15
3 154
3 55
4 15
3 0
4 147
3 38
2 13
4 192
4 37
3 160
2 63
3 230
3 241
2 49
1 18
4 25
4 25
4 159

caso 94:
3 234
4 224
4 61
3 139
2 72
3 137
3 148
2 136
3 178
4 140
2 114
3 265
3 124
3 116
4 51
4 8
4 136
2 52
3 171
2 50
3 108
3 164
3 119
4 95
4 294
3 48
3 47
4 175
3 26
3 159
3 0
4 213
3 50
4 253
4 46
4 183
4 181
4 251
2 105
1 71
3 154
4 101
3 34
4 104
4 87
2 54
4 71
2 88
4 240
4 130
3 174
3 30
2 37
3 129
2 45
3 30
4 99
4 192
3 155
4 263
1 39
3 146
4 270
3 136
3 184
3 159
3 217
4 220
2 167
3 48
3 73
4 275
3 70
4 264
4 240
4 35
3 135
3 139
3 58
4 243
3 27
4 266
3 175
3 115
3 165
4 138
4 172
3 265
4 137
3 67
4 133
4 98
4 72
4 232
2 135
4 26
4 264
2 120
3 69
4 198

caso 95:
4 196
3 184
2 112
3 166
2 44
3 66
1 0
3 12
3 29
4 125
4 246
4 288
3 39
2 139
2 126
4 139
2 7
3 27
4 123
3 63
4 78
3 69
3 155
4 89
2 157
2 230
4 15
3 119
3 88
3 104
3 186
2 130
2 117
4 167
4 101
3 197
2 40
3 93
4 16
2 8
2 27
4 125
4 189
2 106
2 26
3 52
2 147
2 146
3 60
3 212
4 132
4 194
3 63
3 109
2 25
3 225
3 144
3 155
3 196
4 190
4 124
3 26
4 45
4 141
4 84
2 23
2 116
3 178
3 226
3 140
4 72
4 133
3 3
3 156
3 198
2 100
3 25
3 24
3 159
4 142
4 137
4 163
4 126
4 83
3 124
2 65
4 165
4 158
2 19
3 139
3 11
3 20
4 116
3 21
3 109
3 142
3 122
3 190
3 45
3 141

caso 96:
4 8
4 75
3 0
4 167
3 164
2 85
3 280
2 27
2 60
2 55
4 9
1 25
4 159
4 22
4 152
2 66
3 9
3 148
4 132
4 144
3 46
4 179
2 52
2 9
3 222
3 11
4 171
3 228
2 30
4 71
4 175
3 50
3 0
4 34
2 112
4 191
4 148
4 4
3 98
2 83
3 90
2 98
2 136
3 47
3 83
2 73
4 263
3 67
3 142
4 272
3 210
2 69
3 120
3 50
3 48
4 35
3 127
3 251
3 10
3 187
2 139
4 19
2 70
3 153
3 198
4 90
4 17
4 114
4 165
3 177
2 6
4 22
3 228
3 221
3 59
4 117
4 149
2 184
3 135
3 72
3 22
4 106
4 45
3 30
3 3
4 190
2 111
4 124
3 104
4 202
3 29
4 256
2 72
4 128
2 27
3 177
3 163
4 140
3 78
3 155

caso 97:
3 24
2 9
3 83
3 171
4 83
3 12
2 87
4 282
3 9
3 197
2 37
2 42
3 47
4 165
4 103
3 64
3 171
4 247
3 81
3 257
4 101
3 95
3 6
4 183
4 196
3 170
4 96
3 121
3 148
4 0
2 82
3 202
4 133
3 97
4 209
3 168
3 100
4 134
2 67
4 223
2 143
4 249
4 137
3 96
3 22
4 173
4 235
3 134
4 37
4 190
4 98
3 18
4 83
3 203
4 196
3 57
4 125
3 211
4 215
2 107
4 160
3 176
3 194
3 155
4 272
4 89
3 9
4 247
3 164
2 91
2 134
2 98
3 60
3 12
4 205
3 125
2 174
3 203
3 263
4 21
3 74
3 30
4 62
4 125
2 2
2 130
4 205
4 103
2 46
3 181
3 18
4 280
4 175
4 196
1 91
3 98
4 242
4 84
3 217
3 27

caso 98:
3 80
3 197
4 97
4 241
3 187
4 51
3 124
3 16
3 222
4 269
4 36
4 165
3 185
4 121
4 243
4 269
4 273
4 130
3 133
4 237
3 26
4 217
3 142
3 29
4 223
3 171
2 79
4 267
4 232
2 3
4 107
4 16
3 66
4 113
4 133
4 16
3 81
3 164
2 157
4 92
4 125
3 93
3 69
3 187
3 193
4 263
4 0
3 76
4 25
4 112
3 145
2 17
4 111
3 193
2 41
4 160
4 209
3 209
1 81
4 21
3 43
3 167
2 83
4 173
4 148
4 118
3 14
3 110
4 72
2 58
4 261
3 123
3 167
2 97
4 78
2 56
4 276
4 76
4 249
3 4
1 74
3 60
4 241
3 24
3 102
4 97
3 198
3 8
4 135
4 236
3 65
4 177
4 194
4 236
4 94
3 127
4 274
4 105
4 19
4 17

caso 99:
1 27
3 201
2 17
2 52
3 124
2 7
2 154
4 154
3 182
4 171
3 22
3 184
4 99
4 6
4 68
4 80
4 35
3 210
2 19
3 67
4 211
4 159
2 73
4 172
2 99
4 132
3 35
3 121
4 37
2 78
3 159
3 234
2 57
4 138
3 134
3 105
2 26
3 0
3 18
4 103
3 57
2 16
4 200
3 184
4 216
3 38
2 142
3 2
4 238
3 195
4 248
4 122
3 41
4 133
4 172
4 172
2 118
2 137
3 188
2 46
3 10
3 18
3 67
3 47
2 150
1 32
3 127
4 18
3 50
2 84
4 21
4 164
3 211
3 107
4 34
3 51
3 188
4 238
3 25
4 106
3 55
3 194
3 135
2 62
3 161
3 21
3 152
3 196
3 23
3 55
4 216
2 164
2 149
3 45
4 250
3 222
2 115
4 117
3 202
3 224

