FAIL
FAIL
SUCC 0 2 3 4 6 10 12 14
FAIL
SUCC 0 2 3 4 7 10 14 15
FAIL
FAIL
FAIL
SUCC 0 2 3 5 8 9 11 12
SUCC 0 2 3 4 7 10 14 15
FAIL
SUCC 0 2 3 4 6 10 12 14
FAIL
SUCC 0 2 3 4 7 10 14 15
FAIL
FAIL
FAIL
FAIL
SUCC 4 5 8 9 10 11 13 14
FAIL
SUCC 0 2 3 4 6 10 12 14
FAIL
SUCC 0 2 3 5 8 9 11 12
SUCC 4 5 8 9 10 11 13 14
SUCC 0 2 3 4 7 10 14 15
FAIL
SUCC 0 2 3 4 7 10 14 15
FAIL
SUCC 4 5 8 9 10 11 13 14
SUCC 4 5 8 9 10 11 13 14
FAIL
FAIL
SUCC 0 2 3 4 6 10 12 14
FAIL
SUCC 0 2 3 5 8 9 11 12
SUCC 0 2 3 4 7 10 14 15
SUCC 4 5 8 9 10 11 13 14
SUCC 4 5 8 9 10 11 13 14
SUCC 0 2 3 5 8 9 11 12
FAIL
FAIL
SUCC 0 2 3 4 6 10 12 14
FAIL
SUCC 0 2 3 4 6 10 12 14
SUCC 0 2 3 4 7 10 14 15
SUCC 0 2 3 4 7 10 14 15
SUCC 0 2 3 4 7 10 14 15
FAIL
FAIL
FAIL
SUCC 4 5 8 9 10 11 13 14
FAIL
SUCC 0 2 3 5 8 9 11 12
FAIL
SUCC 0 2 3 4 6 10 12 14
FAIL
FAIL
FAIL
FAIL
FAIL
SUCC 4 5 8 9 10 11 13 14
FAIL
FAIL
FAIL
FAIL
SUCC 0 2 3 5 8 9 11 12
SUCC 0 2 3 4 7 10 14 15
FAIL
SUCC 0 2 3 4 7 10 14 15
FAIL
SUCC 0 2 3 4 6 10 12 14
SUCC 4 5 8 9 10 11 13 14
FAIL
SUCC 0 2 3 4 7 10 14 15
FAIL
SUCC 0 2 3 5 8 9 11 12
FAIL
SUCC 0 2 3 4 6 10 12 14
FAIL
SUCC 4 5 8 9 10 11 13 14
FAIL
FAIL
SUCC 0 2 3 4 6 10 12 14
FAIL
SUCC 4 5 8 9 10 11 13 14
SUCC 4 5 8 9 10 11 13 14
SUCC 4 5 8 9 10 11 13 14
SUCC 0 2 3 4 7 10 14 15
FAIL
SUCC 0 2 3 4 7 10 14 15
FAIL
FAIL
SUCC 0 2 3 4 7 10 14 15
FAIL
SUCC 0 2 3 4 7 10 14 15
FAIL
FAIL
SUCC 4 5 8 9 10 11 13 14
SUCC 0 2 3 4 6 10 12 14
FAIL
